[2026-03-31T19:14:02.728+0000] {taskinstance.py:1957} INFO - Dependencies all met for dep_context=non-requeueable deps ti=<TaskInstance: stock_data_pipeline.build_gold_layer scheduled__2026-03-30T18:00:00+00:00 [queued]>
[2026-03-31T19:14:02.745+0000] {taskinstance.py:1957} INFO - Dependencies all met for dep_context=requeueable deps ti=<TaskInstance: stock_data_pipeline.build_gold_layer scheduled__2026-03-30T18:00:00+00:00 [queued]>
[2026-03-31T19:14:02.746+0000] {taskinstance.py:2171} INFO - Starting attempt 1 of 2
[2026-03-31T19:14:02.773+0000] {taskinstance.py:2192} INFO - Executing <Task(BashOperator): build_gold_layer> on 2026-03-30 18:00:00+00:00
[2026-03-31T19:14:02.787+0000] {standard_task_runner.py:60} INFO - Started process 5160 to run task
[2026-03-31T19:14:02.795+0000] {standard_task_runner.py:87} INFO - Running: ['***', 'tasks', 'run', 'stock_data_pipeline', 'build_gold_layer', 'scheduled__2026-03-30T18:00:00+00:00', '--job-id', '15', '--raw', '--subdir', 'DAGS_FOLDER/stock_pipeline_dag.py', '--cfg-path', '/tmp/tmp5bxs9gyj']
[2026-03-31T19:14:02.801+0000] {standard_task_runner.py:88} INFO - Job 15: Subtask build_gold_layer
[2026-03-31T19:14:02.912+0000] {task_command.py:423} INFO - Running <TaskInstance: stock_data_pipeline.build_gold_layer scheduled__2026-03-30T18:00:00+00:00 [running]> on host 053940882dca
[2026-03-31T19:14:03.094+0000] {taskinstance.py:2481} INFO - Exporting env vars: AIRFLOW_CTX_DAG_OWNER='dinesh' AIRFLOW_CTX_DAG_ID='stock_data_pipeline' AIRFLOW_CTX_TASK_ID='build_gold_layer' AIRFLOW_CTX_EXECUTION_DATE='2026-03-30T18:00:00+00:00' AIRFLOW_CTX_TRY_NUMBER='1' AIRFLOW_CTX_DAG_RUN_ID='scheduled__2026-03-30T18:00:00+00:00'
[2026-03-31T19:14:03.096+0000] {subprocess.py:63} INFO - Tmp dir root location: /tmp
[2026-03-31T19:14:03.100+0000] {subprocess.py:75} INFO - Running command: ['/usr/bin/bash', '-c', 'python /opt/***/transformation/build_gold_layer.py']
[2026-03-31T19:14:03.133+0000] {subprocess.py:86} INFO - Output:
[2026-03-31T19:14:04.774+0000] {subprocess.py:93} INFO - Building gold layer...
[2026-03-31T19:14:04.775+0000] {subprocess.py:93} INFO - Loaded 1500 rows across 15 stocks
[2026-03-31T19:14:04.776+0000] {subprocess.py:93} INFO - 
[2026-03-31T19:14:04.777+0000] {subprocess.py:93} INFO - Building daily summary...
[2026-03-31T19:14:04.777+0000] {subprocess.py:93} INFO - Saved gold table: daily_summary (15 rows)
[2026-03-31T19:14:04.778+0000] {subprocess.py:93} INFO - 
[2026-03-31T19:14:04.779+0000] {subprocess.py:93} INFO - Building top movers...
[2026-03-31T19:14:04.780+0000] {subprocess.py:93} INFO - Saved gold table: top_movers (10 rows)
[2026-03-31T19:14:04.781+0000] {subprocess.py:93} INFO - 
[2026-03-31T19:14:04.782+0000] {subprocess.py:93} INFO - Building weekly performance...
[2026-03-31T19:14:04.783+0000] {subprocess.py:93} INFO - Saved gold table: weekly_performance (105 rows)
[2026-03-31T19:14:04.783+0000] {subprocess.py:93} INFO - 
[2026-03-31T19:14:04.784+0000] {subprocess.py:93} INFO - Gold layer complete!
[2026-03-31T19:14:04.785+0000] {subprocess.py:93} INFO - 
[2026-03-31T19:14:04.786+0000] {subprocess.py:93} INFO - Daily Summary:
[2026-03-31T19:14:04.787+0000] {subprocess.py:93} INFO - symbol  close  daily_return       ma_7      ma_30
[2026-03-31T19:14:04.788+0000] {subprocess.py:93} INFO -   AAPL 248.80     -1.617304 250.627143 258.879000
[2026-03-31T19:14:04.789+0000] {subprocess.py:93} INFO -   AAPL 248.80     -1.617304 250.627143 258.879000
[2026-03-31T19:14:04.790+0000] {subprocess.py:93} INFO -   AAPL 248.80     -1.617304 250.627143 258.879000
[2026-03-31T19:14:04.790+0000] {subprocess.py:93} INFO -   AMZN 199.34     -3.951046 207.157143 209.092000
[2026-03-31T19:14:04.791+0000] {subprocess.py:93} INFO -   AMZN 199.34     -3.951046 207.157143 209.092000
[2026-03-31T19:14:04.792+0000] {subprocess.py:93} INFO -   AMZN 199.34     -3.951046 207.157143 209.092000
[2026-03-31T19:14:04.793+0000] {subprocess.py:93} INFO -  GOOGL 274.34     -2.342304 292.402857 303.162667
[2026-03-31T19:14:04.794+0000] {subprocess.py:93} INFO -  GOOGL 274.34     -2.342304 292.402857 303.162667
[2026-03-31T19:14:04.795+0000] {subprocess.py:93} INFO -  GOOGL 274.34     -2.342304 292.402857 303.162667
[2026-03-31T19:14:04.796+0000] {subprocess.py:93} INFO -   META 525.72     -3.985097 580.784286 629.314667
[2026-03-31T19:14:04.797+0000] {subprocess.py:93} INFO -   META 525.72     -3.985097 580.784286 629.314667
[2026-03-31T19:14:04.798+0000] {subprocess.py:93} INFO -   META 525.72     -3.985097 580.784286 629.314667
[2026-03-31T19:14:04.799+0000] {subprocess.py:93} INFO -   MSFT 356.77     -2.513867 374.344286 393.944667
[2026-03-31T19:14:04.800+0000] {subprocess.py:93} INFO -   MSFT 356.77     -2.513867 374.344286 393.944667
[2026-03-31T19:14:04.801+0000] {subprocess.py:93} INFO -   MSFT 356.77     -2.513867 374.344286 393.944667
[2026-03-31T19:14:04.886+0000] {subprocess.py:97} INFO - Command exited with return code 0
[2026-03-31T19:14:04.945+0000] {taskinstance.py:1138} INFO - Marking task as SUCCESS. dag_id=stock_data_pipeline, task_id=build_gold_layer, execution_date=20260330T180000, start_date=20260331T191402, end_date=20260331T191404
[2026-03-31T19:14:05.021+0000] {local_task_job_runner.py:234} INFO - Task exited with return code 0
[2026-03-31T19:14:05.055+0000] {taskinstance.py:3281} INFO - 0 downstream tasks scheduled from follow-on schedule check
