[2026-03-27T22:17:38.844+0000] {taskinstance.py:1957} INFO - Dependencies all met for dep_context=non-requeueable deps ti=<TaskInstance: stock_data_pipeline.ingest_stock_data scheduled__2026-03-26T18:00:00+00:00 [queued]>
[2026-03-27T22:17:38.862+0000] {taskinstance.py:1957} INFO - Dependencies all met for dep_context=requeueable deps ti=<TaskInstance: stock_data_pipeline.ingest_stock_data scheduled__2026-03-26T18:00:00+00:00 [queued]>
[2026-03-27T22:17:38.864+0000] {taskinstance.py:2171} INFO - Starting attempt 1 of 2
[2026-03-27T22:17:38.892+0000] {taskinstance.py:2192} INFO - Executing <Task(BashOperator): ingest_stock_data> on 2026-03-26 18:00:00+00:00
[2026-03-27T22:17:38.904+0000] {standard_task_runner.py:60} INFO - Started process 202 to run task
[2026-03-27T22:17:38.914+0000] {standard_task_runner.py:87} INFO - Running: ['***', 'tasks', 'run', 'stock_data_pipeline', 'ingest_stock_data', 'scheduled__2026-03-26T18:00:00+00:00', '--job-id', '4', '--raw', '--subdir', 'DAGS_FOLDER/stock_pipeline_dag.py', '--cfg-path', '/tmp/tmpwtc4btru']
[2026-03-27T22:17:38.922+0000] {standard_task_runner.py:88} INFO - Job 4: Subtask ingest_stock_data
[2026-03-27T22:17:39.059+0000] {task_command.py:423} INFO - Running <TaskInstance: stock_data_pipeline.ingest_stock_data scheduled__2026-03-26T18:00:00+00:00 [running]> on host 053940882dca
[2026-03-27T22:17:39.263+0000] {taskinstance.py:2481} INFO - Exporting env vars: AIRFLOW_CTX_DAG_OWNER='dinesh' AIRFLOW_CTX_DAG_ID='stock_data_pipeline' AIRFLOW_CTX_TASK_ID='ingest_stock_data' AIRFLOW_CTX_EXECUTION_DATE='2026-03-26T18:00:00+00:00' AIRFLOW_CTX_TRY_NUMBER='1' AIRFLOW_CTX_DAG_RUN_ID='scheduled__2026-03-26T18:00:00+00:00'
[2026-03-27T22:17:39.266+0000] {subprocess.py:63} INFO - Tmp dir root location: /tmp
[2026-03-27T22:17:39.269+0000] {subprocess.py:75} INFO - Running command: ['/usr/bin/bash', '-c', 'python /opt/***/ingestion/fetch_stock_data.py']
[2026-03-27T22:17:39.297+0000] {subprocess.py:86} INFO - Output:
[2026-03-27T22:18:41.349+0000] {subprocess.py:93} INFO - Starting stock data ingestion...
[2026-03-27T22:18:41.352+0000] {subprocess.py:93} INFO - Successfully fetched data for AAPL
[2026-03-27T22:18:41.353+0000] {subprocess.py:93} INFO - Saved AAPL data to data/bronze/AAPL_20260327_221740.json
[2026-03-27T22:18:41.354+0000] {subprocess.py:93} INFO - Successfully fetched data for MSFT
[2026-03-27T22:18:41.355+0000] {subprocess.py:93} INFO - Saved MSFT data to data/bronze/MSFT_20260327_221752.json
[2026-03-27T22:18:41.356+0000] {subprocess.py:93} INFO - Error fetching GOOGL: {'Information': 'Thank you for using Alpha Vantage! Please consider spreading out your free API requests more sparingly (1 request per second). You may subscribe to any of the premium plans at https://www.alphavantage.co/premium/ to lift the free key rate limit (25 requests per day), raise the per-second burst limit, and instantly unlock all premium endpoints'}
[2026-03-27T22:18:41.357+0000] {subprocess.py:93} INFO - Error fetching AMZN: {'Information': 'Thank you for using Alpha Vantage! Please consider spreading out your free API requests more sparingly (1 request per second). You may subscribe to any of the premium plans at https://www.alphavantage.co/premium/ to lift the free key rate limit (25 requests per day), raise the per-second burst limit, and instantly unlock all premium endpoints'}
[2026-03-27T22:18:41.357+0000] {subprocess.py:93} INFO - Error fetching META: {'Information': 'Thank you for using Alpha Vantage! Please consider spreading out your free API requests more sparingly (1 request per second). You may subscribe to any of the premium plans at https://www.alphavantage.co/premium/ to lift the free key rate limit (25 requests per day), raise the per-second burst limit, and instantly unlock all premium endpoints'}
[2026-03-27T22:18:41.358+0000] {subprocess.py:93} INFO - Ingestion complete!
[2026-03-27T22:18:41.392+0000] {subprocess.py:97} INFO - Command exited with return code 0
[2026-03-27T22:18:41.460+0000] {taskinstance.py:1138} INFO - Marking task as SUCCESS. dag_id=stock_data_pipeline, task_id=ingest_stock_data, execution_date=20260326T180000, start_date=20260327T221738, end_date=20260327T221841
[2026-03-27T22:18:41.527+0000] {local_task_job_runner.py:234} INFO - Task exited with return code 0
[2026-03-27T22:18:41.594+0000] {taskinstance.py:3281} INFO - 1 downstream tasks scheduled from follow-on schedule check
