[2026-04-01T23:15:01.758+0000] {taskinstance.py:1957} INFO - Dependencies all met for dep_context=non-requeueable deps ti=<TaskInstance: stock_data_pipeline.build_gold_layer scheduled__2026-03-31T18:00:00+00:00 [queued]>
[2026-04-01T23:15:01.774+0000] {taskinstance.py:1957} INFO - Dependencies all met for dep_context=requeueable deps ti=<TaskInstance: stock_data_pipeline.build_gold_layer scheduled__2026-03-31T18:00:00+00:00 [queued]>
[2026-04-01T23:15:01.775+0000] {taskinstance.py:2171} INFO - Starting attempt 1 of 2
[2026-04-01T23:15:01.800+0000] {taskinstance.py:2192} INFO - Executing <Task(BashOperator): build_gold_layer> on 2026-03-31 18:00:00+00:00
[2026-04-01T23:15:01.813+0000] {standard_task_runner.py:60} INFO - Started process 9148 to run task
[2026-04-01T23:15:01.821+0000] {standard_task_runner.py:87} INFO - Running: ['***', 'tasks', 'run', 'stock_data_pipeline', 'build_gold_layer', 'scheduled__2026-03-31T18:00:00+00:00', '--job-id', '18', '--raw', '--subdir', 'DAGS_FOLDER/stock_pipeline_dag.py', '--cfg-path', '/tmp/tmpswl1lw3u']
[2026-04-01T23:15:01.826+0000] {standard_task_runner.py:88} INFO - Job 18: Subtask build_gold_layer
[2026-04-01T23:15:01.928+0000] {task_command.py:423} INFO - Running <TaskInstance: stock_data_pipeline.build_gold_layer scheduled__2026-03-31T18:00:00+00:00 [running]> on host 053940882dca
[2026-04-01T23:15:02.094+0000] {taskinstance.py:2481} INFO - Exporting env vars: AIRFLOW_CTX_DAG_OWNER='dinesh' AIRFLOW_CTX_DAG_ID='stock_data_pipeline' AIRFLOW_CTX_TASK_ID='build_gold_layer' AIRFLOW_CTX_EXECUTION_DATE='2026-03-31T18:00:00+00:00' AIRFLOW_CTX_TRY_NUMBER='1' AIRFLOW_CTX_DAG_RUN_ID='scheduled__2026-03-31T18:00:00+00:00'
[2026-04-01T23:15:02.097+0000] {subprocess.py:63} INFO - Tmp dir root location: /tmp
[2026-04-01T23:15:02.100+0000] {subprocess.py:75} INFO - Running command: ['/usr/bin/bash', '-c', 'python /opt/***/transformation/build_gold_layer.py']
[2026-04-01T23:15:02.129+0000] {subprocess.py:86} INFO - Output:
[2026-04-01T23:15:03.914+0000] {subprocess.py:93} INFO - Building gold layer...
[2026-04-01T23:15:03.916+0000] {subprocess.py:93} INFO - Loaded 2000 rows across 20 stocks
[2026-04-01T23:15:03.917+0000] {subprocess.py:93} INFO - 
[2026-04-01T23:15:03.918+0000] {subprocess.py:93} INFO - Building daily summary...
[2026-04-01T23:15:03.918+0000] {subprocess.py:93} INFO - Saved gold table: daily_summary (20 rows)
[2026-04-01T23:15:03.919+0000] {subprocess.py:93} INFO - 
[2026-04-01T23:15:03.920+0000] {subprocess.py:93} INFO - Building top movers...
[2026-04-01T23:15:03.921+0000] {subprocess.py:93} INFO - Saved gold table: top_movers (10 rows)
[2026-04-01T23:15:03.922+0000] {subprocess.py:93} INFO - 
[2026-04-01T23:15:03.923+0000] {subprocess.py:93} INFO - Building weekly performance...
[2026-04-01T23:15:03.924+0000] {subprocess.py:93} INFO - Saved gold table: weekly_performance (105 rows)
[2026-04-01T23:15:03.925+0000] {subprocess.py:93} INFO - 
[2026-04-01T23:15:03.926+0000] {subprocess.py:93} INFO - Gold layer complete!
[2026-04-01T23:15:03.926+0000] {subprocess.py:93} INFO - 
[2026-04-01T23:15:03.927+0000] {subprocess.py:93} INFO - Daily Summary:
[2026-04-01T23:15:03.928+0000] {subprocess.py:93} INFO - symbol  close  daily_return       ma_7      ma_30
[2026-04-01T23:15:03.929+0000] {subprocess.py:93} INFO -   AAPL 248.80     -1.617304 250.627143 258.879000
[2026-04-01T23:15:03.930+0000] {subprocess.py:93} INFO -   AAPL 248.80     -1.617304 250.627143 258.879000
[2026-04-01T23:15:03.931+0000] {subprocess.py:93} INFO -   AAPL 248.80     -1.617304 250.627143 258.879000
[2026-04-01T23:15:03.932+0000] {subprocess.py:93} INFO -   AAPL 248.80     -1.617304 250.627143 258.879000
[2026-04-01T23:15:03.933+0000] {subprocess.py:93} INFO -   AMZN 199.34     -3.951046 207.157143 209.092000
[2026-04-01T23:15:03.934+0000] {subprocess.py:93} INFO -   AMZN 199.34     -3.951046 207.157143 209.092000
[2026-04-01T23:15:03.935+0000] {subprocess.py:93} INFO -   AMZN 199.34     -3.951046 207.157143 209.092000
[2026-04-01T23:15:03.936+0000] {subprocess.py:93} INFO -   AMZN 199.34     -3.951046 207.157143 209.092000
[2026-04-01T23:15:03.937+0000] {subprocess.py:93} INFO -  GOOGL 274.34     -2.342304 292.402857 303.162667
[2026-04-01T23:15:03.937+0000] {subprocess.py:93} INFO -  GOOGL 274.34     -2.342304 292.402857 303.162667
[2026-04-01T23:15:03.938+0000] {subprocess.py:93} INFO -  GOOGL 274.34     -2.342304 292.402857 303.162667
[2026-04-01T23:15:03.939+0000] {subprocess.py:93} INFO -  GOOGL 274.34     -2.342304 292.402857 303.162667
[2026-04-01T23:15:03.940+0000] {subprocess.py:93} INFO -   META 525.72     -3.985097 580.784286 629.314667
[2026-04-01T23:15:03.941+0000] {subprocess.py:93} INFO -   META 525.72     -3.985097 580.784286 629.314667
[2026-04-01T23:15:03.942+0000] {subprocess.py:93} INFO -   META 525.72     -3.985097 580.784286 629.314667
[2026-04-01T23:15:03.943+0000] {subprocess.py:93} INFO -   META 525.72     -3.985097 580.784286 629.314667
[2026-04-01T23:15:03.944+0000] {subprocess.py:93} INFO -   MSFT 356.77     -2.513867 374.344286 393.944667
[2026-04-01T23:15:03.945+0000] {subprocess.py:93} INFO -   MSFT 356.77     -2.513867 374.344286 393.944667
[2026-04-01T23:15:03.946+0000] {subprocess.py:93} INFO -   MSFT 356.77     -2.513867 374.344286 393.944667
[2026-04-01T23:15:03.947+0000] {subprocess.py:93} INFO -   MSFT 356.77     -2.513867 374.344286 393.944667
[2026-04-01T23:15:04.035+0000] {subprocess.py:97} INFO - Command exited with return code 0
[2026-04-01T23:15:04.099+0000] {taskinstance.py:1138} INFO - Marking task as SUCCESS. dag_id=stock_data_pipeline, task_id=build_gold_layer, execution_date=20260331T180000, start_date=20260401T231501, end_date=20260401T231504
[2026-04-01T23:15:04.170+0000] {local_task_job_runner.py:234} INFO - Task exited with return code 0
[2026-04-01T23:15:04.205+0000] {taskinstance.py:3281} INFO - 0 downstream tasks scheduled from follow-on schedule check
