[2026-03-27T22:07:29.068+0000] {processor.py:161} INFO - Started process (PID=175) to work on /opt/airflow/dags/stock_pipeline_dag.py
[2026-03-27T22:07:29.071+0000] {processor.py:830} INFO - Processing file /opt/airflow/dags/stock_pipeline_dag.py for tasks to queue
[2026-03-27T22:07:29.074+0000] {logging_mixin.py:188} INFO - [2026-03-27T22:07:29.073+0000] {dagbag.py:538} INFO - Filling up the DagBag from /opt/airflow/dags/stock_pipeline_dag.py
[2026-03-27T22:07:29.189+0000] {processor.py:840} INFO - DAG(s) 'stock_data_pipeline' retrieved from /opt/airflow/dags/stock_pipeline_dag.py
[2026-03-27T22:07:29.726+0000] {logging_mixin.py:188} INFO - [2026-03-27T22:07:29.724+0000] {override.py:1769} INFO - Created Permission View: can edit on DAG:stock_data_pipeline
[2026-03-27T22:07:29.756+0000] {logging_mixin.py:188} INFO - [2026-03-27T22:07:29.756+0000] {override.py:1769} INFO - Created Permission View: can read on DAG:stock_data_pipeline
[2026-03-27T22:07:29.772+0000] {logging_mixin.py:188} INFO - [2026-03-27T22:07:29.771+0000] {override.py:1769} INFO - Created Permission View: can delete on DAG:stock_data_pipeline
[2026-03-27T22:07:29.774+0000] {logging_mixin.py:188} INFO - [2026-03-27T22:07:29.773+0000] {dag.py:3033} INFO - Sync 1 DAGs
[2026-03-27T22:07:29.802+0000] {logging_mixin.py:188} INFO - [2026-03-27T22:07:29.802+0000] {dag.py:3055} INFO - Creating ORM DAG for stock_data_pipeline
[2026-03-27T22:07:29.832+0000] {logging_mixin.py:188} INFO - [2026-03-27T22:07:29.832+0000] {dag.py:3820} INFO - Setting next_dagrun for stock_data_pipeline to 2026-03-26T18:00:00+00:00, run_after=2026-03-27T18:00:00+00:00
[2026-03-27T22:07:29.893+0000] {processor.py:183} INFO - Processing /opt/airflow/dags/stock_pipeline_dag.py took 0.834 seconds
[2026-03-27T22:08:00.319+0000] {processor.py:161} INFO - Started process (PID=180) to work on /opt/airflow/dags/stock_pipeline_dag.py
[2026-03-27T22:08:00.323+0000] {processor.py:830} INFO - Processing file /opt/airflow/dags/stock_pipeline_dag.py for tasks to queue
[2026-03-27T22:08:00.325+0000] {logging_mixin.py:188} INFO - [2026-03-27T22:08:00.324+0000] {dagbag.py:538} INFO - Filling up the DagBag from /opt/airflow/dags/stock_pipeline_dag.py
[2026-03-27T22:08:00.411+0000] {processor.py:840} INFO - DAG(s) 'stock_data_pipeline' retrieved from /opt/airflow/dags/stock_pipeline_dag.py
[2026-03-27T22:08:00.477+0000] {logging_mixin.py:188} INFO - [2026-03-27T22:08:00.477+0000] {dag.py:3033} INFO - Sync 1 DAGs
[2026-03-27T22:08:00.529+0000] {logging_mixin.py:188} INFO - [2026-03-27T22:08:00.529+0000] {dag.py:3820} INFO - Setting next_dagrun for stock_data_pipeline to 2026-03-26T18:00:00+00:00, run_after=2026-03-27T18:00:00+00:00
[2026-03-27T22:08:00.578+0000] {processor.py:183} INFO - Processing /opt/airflow/dags/stock_pipeline_dag.py took 0.269 seconds
[2026-03-27T22:08:30.780+0000] {processor.py:161} INFO - Started process (PID=185) to work on /opt/airflow/dags/stock_pipeline_dag.py
[2026-03-27T22:08:30.784+0000] {processor.py:830} INFO - Processing file /opt/airflow/dags/stock_pipeline_dag.py for tasks to queue
[2026-03-27T22:08:30.787+0000] {logging_mixin.py:188} INFO - [2026-03-27T22:08:30.786+0000] {dagbag.py:538} INFO - Filling up the DagBag from /opt/airflow/dags/stock_pipeline_dag.py
[2026-03-27T22:08:30.872+0000] {processor.py:840} INFO - DAG(s) 'stock_data_pipeline' retrieved from /opt/airflow/dags/stock_pipeline_dag.py
[2026-03-27T22:08:30.960+0000] {logging_mixin.py:188} INFO - [2026-03-27T22:08:30.959+0000] {dag.py:3033} INFO - Sync 1 DAGs
[2026-03-27T22:08:31.027+0000] {logging_mixin.py:188} INFO - [2026-03-27T22:08:31.027+0000] {dag.py:3820} INFO - Setting next_dagrun for stock_data_pipeline to 2026-03-26T18:00:00+00:00, run_after=2026-03-27T18:00:00+00:00
[2026-03-27T22:08:31.082+0000] {processor.py:183} INFO - Processing /opt/airflow/dags/stock_pipeline_dag.py took 0.310 seconds
[2026-03-27T22:09:01.263+0000] {processor.py:161} INFO - Started process (PID=190) to work on /opt/airflow/dags/stock_pipeline_dag.py
[2026-03-27T22:09:01.266+0000] {processor.py:830} INFO - Processing file /opt/airflow/dags/stock_pipeline_dag.py for tasks to queue
[2026-03-27T22:09:01.268+0000] {logging_mixin.py:188} INFO - [2026-03-27T22:09:01.268+0000] {dagbag.py:538} INFO - Filling up the DagBag from /opt/airflow/dags/stock_pipeline_dag.py
[2026-03-27T22:09:01.345+0000] {processor.py:840} INFO - DAG(s) 'stock_data_pipeline' retrieved from /opt/airflow/dags/stock_pipeline_dag.py
[2026-03-27T22:09:01.421+0000] {logging_mixin.py:188} INFO - [2026-03-27T22:09:01.421+0000] {dag.py:3033} INFO - Sync 1 DAGs
[2026-03-27T22:09:01.487+0000] {logging_mixin.py:188} INFO - [2026-03-27T22:09:01.486+0000] {dag.py:3820} INFO - Setting next_dagrun for stock_data_pipeline to 2026-03-26T18:00:00+00:00, run_after=2026-03-27T18:00:00+00:00
[2026-03-27T22:09:01.543+0000] {processor.py:183} INFO - Processing /opt/airflow/dags/stock_pipeline_dag.py took 0.289 seconds
[2026-03-27T22:09:31.865+0000] {processor.py:161} INFO - Started process (PID=195) to work on /opt/airflow/dags/stock_pipeline_dag.py
[2026-03-27T22:09:31.868+0000] {processor.py:830} INFO - Processing file /opt/airflow/dags/stock_pipeline_dag.py for tasks to queue
[2026-03-27T22:09:31.871+0000] {logging_mixin.py:188} INFO - [2026-03-27T22:09:31.870+0000] {dagbag.py:538} INFO - Filling up the DagBag from /opt/airflow/dags/stock_pipeline_dag.py
[2026-03-27T22:09:31.945+0000] {processor.py:840} INFO - DAG(s) 'stock_data_pipeline' retrieved from /opt/airflow/dags/stock_pipeline_dag.py
[2026-03-27T22:09:32.016+0000] {logging_mixin.py:188} INFO - [2026-03-27T22:09:32.016+0000] {dag.py:3033} INFO - Sync 1 DAGs
[2026-03-27T22:09:32.072+0000] {logging_mixin.py:188} INFO - [2026-03-27T22:09:32.072+0000] {dag.py:3820} INFO - Setting next_dagrun for stock_data_pipeline to 2026-03-26T18:00:00+00:00, run_after=2026-03-27T18:00:00+00:00
[2026-03-27T22:09:32.121+0000] {processor.py:183} INFO - Processing /opt/airflow/dags/stock_pipeline_dag.py took 0.264 seconds
[2026-03-27T22:10:02.608+0000] {processor.py:161} INFO - Started process (PID=206) to work on /opt/airflow/dags/stock_pipeline_dag.py
[2026-03-27T22:10:02.610+0000] {processor.py:830} INFO - Processing file /opt/airflow/dags/stock_pipeline_dag.py for tasks to queue
[2026-03-27T22:10:02.613+0000] {logging_mixin.py:188} INFO - [2026-03-27T22:10:02.612+0000] {dagbag.py:538} INFO - Filling up the DagBag from /opt/airflow/dags/stock_pipeline_dag.py
[2026-03-27T22:10:02.678+0000] {processor.py:840} INFO - DAG(s) 'stock_data_pipeline' retrieved from /opt/airflow/dags/stock_pipeline_dag.py
[2026-03-27T22:10:02.783+0000] {logging_mixin.py:188} INFO - [2026-03-27T22:10:02.783+0000] {dag.py:3033} INFO - Sync 1 DAGs
[2026-03-27T22:10:02.843+0000] {logging_mixin.py:188} INFO - [2026-03-27T22:10:02.843+0000] {dag.py:3820} INFO - Setting next_dagrun for stock_data_pipeline to 2026-03-26T18:00:00+00:00, run_after=2026-03-27T18:00:00+00:00
[2026-03-27T22:10:02.888+0000] {processor.py:183} INFO - Processing /opt/airflow/dags/stock_pipeline_dag.py took 0.287 seconds
[2026-03-27T22:10:33.280+0000] {processor.py:161} INFO - Started process (PID=211) to work on /opt/airflow/dags/stock_pipeline_dag.py
[2026-03-27T22:10:33.283+0000] {processor.py:830} INFO - Processing file /opt/airflow/dags/stock_pipeline_dag.py for tasks to queue
[2026-03-27T22:10:33.286+0000] {logging_mixin.py:188} INFO - [2026-03-27T22:10:33.285+0000] {dagbag.py:538} INFO - Filling up the DagBag from /opt/airflow/dags/stock_pipeline_dag.py
[2026-03-27T22:10:33.357+0000] {processor.py:840} INFO - DAG(s) 'stock_data_pipeline' retrieved from /opt/airflow/dags/stock_pipeline_dag.py
[2026-03-27T22:10:33.438+0000] {logging_mixin.py:188} INFO - [2026-03-27T22:10:33.438+0000] {dag.py:3033} INFO - Sync 1 DAGs
[2026-03-27T22:10:33.500+0000] {logging_mixin.py:188} INFO - [2026-03-27T22:10:33.499+0000] {dag.py:3820} INFO - Setting next_dagrun for stock_data_pipeline to 2026-03-26T18:00:00+00:00, run_after=2026-03-27T18:00:00+00:00
[2026-03-27T22:10:33.559+0000] {processor.py:183} INFO - Processing /opt/airflow/dags/stock_pipeline_dag.py took 0.288 seconds
[2026-03-27T22:11:03.951+0000] {processor.py:161} INFO - Started process (PID=216) to work on /opt/airflow/dags/stock_pipeline_dag.py
[2026-03-27T22:11:03.955+0000] {processor.py:830} INFO - Processing file /opt/airflow/dags/stock_pipeline_dag.py for tasks to queue
[2026-03-27T22:11:03.957+0000] {logging_mixin.py:188} INFO - [2026-03-27T22:11:03.957+0000] {dagbag.py:538} INFO - Filling up the DagBag from /opt/airflow/dags/stock_pipeline_dag.py
[2026-03-27T22:11:04.028+0000] {processor.py:840} INFO - DAG(s) 'stock_data_pipeline' retrieved from /opt/airflow/dags/stock_pipeline_dag.py
[2026-03-27T22:11:04.104+0000] {logging_mixin.py:188} INFO - [2026-03-27T22:11:04.104+0000] {dag.py:3033} INFO - Sync 1 DAGs
[2026-03-27T22:11:04.163+0000] {logging_mixin.py:188} INFO - [2026-03-27T22:11:04.163+0000] {dag.py:3820} INFO - Setting next_dagrun for stock_data_pipeline to 2026-03-26T18:00:00+00:00, run_after=2026-03-27T18:00:00+00:00
[2026-03-27T22:11:04.217+0000] {processor.py:183} INFO - Processing /opt/airflow/dags/stock_pipeline_dag.py took 0.279 seconds
[2026-03-27T22:11:34.487+0000] {processor.py:161} INFO - Started process (PID=221) to work on /opt/airflow/dags/stock_pipeline_dag.py
[2026-03-27T22:11:34.492+0000] {processor.py:830} INFO - Processing file /opt/airflow/dags/stock_pipeline_dag.py for tasks to queue
[2026-03-27T22:11:34.495+0000] {logging_mixin.py:188} INFO - [2026-03-27T22:11:34.494+0000] {dagbag.py:538} INFO - Filling up the DagBag from /opt/airflow/dags/stock_pipeline_dag.py
[2026-03-27T22:11:34.570+0000] {processor.py:840} INFO - DAG(s) 'stock_data_pipeline' retrieved from /opt/airflow/dags/stock_pipeline_dag.py
[2026-03-27T22:11:34.644+0000] {logging_mixin.py:188} INFO - [2026-03-27T22:11:34.643+0000] {dag.py:3033} INFO - Sync 1 DAGs
[2026-03-27T22:11:34.697+0000] {logging_mixin.py:188} INFO - [2026-03-27T22:11:34.696+0000] {dag.py:3820} INFO - Setting next_dagrun for stock_data_pipeline to 2026-03-26T18:00:00+00:00, run_after=2026-03-27T18:00:00+00:00
[2026-03-27T22:11:34.746+0000] {processor.py:183} INFO - Processing /opt/airflow/dags/stock_pipeline_dag.py took 0.269 seconds
[2026-03-27T22:12:04.921+0000] {processor.py:161} INFO - Started process (PID=226) to work on /opt/airflow/dags/stock_pipeline_dag.py
[2026-03-27T22:12:04.924+0000] {processor.py:830} INFO - Processing file /opt/airflow/dags/stock_pipeline_dag.py for tasks to queue
[2026-03-27T22:12:04.926+0000] {logging_mixin.py:188} INFO - [2026-03-27T22:12:04.925+0000] {dagbag.py:538} INFO - Filling up the DagBag from /opt/airflow/dags/stock_pipeline_dag.py
[2026-03-27T22:12:04.998+0000] {processor.py:840} INFO - DAG(s) 'stock_data_pipeline' retrieved from /opt/airflow/dags/stock_pipeline_dag.py
[2026-03-27T22:12:05.080+0000] {logging_mixin.py:188} INFO - [2026-03-27T22:12:05.080+0000] {dag.py:3033} INFO - Sync 1 DAGs
[2026-03-27T22:12:05.139+0000] {logging_mixin.py:188} INFO - [2026-03-27T22:12:05.138+0000] {dag.py:3820} INFO - Setting next_dagrun for stock_data_pipeline to 2026-03-26T18:00:00+00:00, run_after=2026-03-27T18:00:00+00:00
[2026-03-27T22:12:05.192+0000] {processor.py:183} INFO - Processing /opt/airflow/dags/stock_pipeline_dag.py took 0.280 seconds
[2026-03-27T22:12:35.518+0000] {processor.py:161} INFO - Started process (PID=231) to work on /opt/airflow/dags/stock_pipeline_dag.py
[2026-03-27T22:12:35.521+0000] {processor.py:830} INFO - Processing file /opt/airflow/dags/stock_pipeline_dag.py for tasks to queue
[2026-03-27T22:12:35.524+0000] {logging_mixin.py:188} INFO - [2026-03-27T22:12:35.523+0000] {dagbag.py:538} INFO - Filling up the DagBag from /opt/airflow/dags/stock_pipeline_dag.py
[2026-03-27T22:12:35.600+0000] {processor.py:840} INFO - DAG(s) 'stock_data_pipeline' retrieved from /opt/airflow/dags/stock_pipeline_dag.py
[2026-03-27T22:12:35.672+0000] {logging_mixin.py:188} INFO - [2026-03-27T22:12:35.672+0000] {dag.py:3033} INFO - Sync 1 DAGs
[2026-03-27T22:12:35.726+0000] {logging_mixin.py:188} INFO - [2026-03-27T22:12:35.726+0000] {dag.py:3820} INFO - Setting next_dagrun for stock_data_pipeline to 2026-03-26T18:00:00+00:00, run_after=2026-03-27T18:00:00+00:00
[2026-03-27T22:12:35.777+0000] {processor.py:183} INFO - Processing /opt/airflow/dags/stock_pipeline_dag.py took 0.266 seconds
[2026-03-27T22:13:06.165+0000] {processor.py:161} INFO - Started process (PID=236) to work on /opt/airflow/dags/stock_pipeline_dag.py
[2026-03-27T22:13:06.168+0000] {processor.py:830} INFO - Processing file /opt/airflow/dags/stock_pipeline_dag.py for tasks to queue
[2026-03-27T22:13:06.170+0000] {logging_mixin.py:188} INFO - [2026-03-27T22:13:06.170+0000] {dagbag.py:538} INFO - Filling up the DagBag from /opt/airflow/dags/stock_pipeline_dag.py
[2026-03-27T22:13:06.241+0000] {processor.py:840} INFO - DAG(s) 'stock_data_pipeline' retrieved from /opt/airflow/dags/stock_pipeline_dag.py
[2026-03-27T22:13:06.320+0000] {logging_mixin.py:188} INFO - [2026-03-27T22:13:06.320+0000] {dag.py:3033} INFO - Sync 1 DAGs
[2026-03-27T22:13:06.396+0000] {logging_mixin.py:188} INFO - [2026-03-27T22:13:06.395+0000] {dag.py:3820} INFO - Setting next_dagrun for stock_data_pipeline to 2026-03-26T18:00:00+00:00, run_after=2026-03-27T18:00:00+00:00
[2026-03-27T22:13:06.449+0000] {processor.py:183} INFO - Processing /opt/airflow/dags/stock_pipeline_dag.py took 0.292 seconds
[2026-03-27T22:13:36.835+0000] {processor.py:161} INFO - Started process (PID=249) to work on /opt/airflow/dags/stock_pipeline_dag.py
[2026-03-27T22:13:36.837+0000] {processor.py:830} INFO - Processing file /opt/airflow/dags/stock_pipeline_dag.py for tasks to queue
[2026-03-27T22:13:36.840+0000] {logging_mixin.py:188} INFO - [2026-03-27T22:13:36.839+0000] {dagbag.py:538} INFO - Filling up the DagBag from /opt/airflow/dags/stock_pipeline_dag.py
[2026-03-27T22:13:36.919+0000] {processor.py:840} INFO - DAG(s) 'stock_data_pipeline' retrieved from /opt/airflow/dags/stock_pipeline_dag.py
[2026-03-27T22:13:37.008+0000] {logging_mixin.py:188} INFO - [2026-03-27T22:13:37.007+0000] {dag.py:3033} INFO - Sync 1 DAGs
[2026-03-27T22:13:37.076+0000] {logging_mixin.py:188} INFO - [2026-03-27T22:13:37.076+0000] {dag.py:3820} INFO - Setting next_dagrun for stock_data_pipeline to 2026-03-26T18:00:00+00:00, run_after=2026-03-27T18:00:00+00:00
[2026-03-27T22:13:37.126+0000] {processor.py:183} INFO - Processing /opt/airflow/dags/stock_pipeline_dag.py took 0.299 seconds
[2026-03-27T22:14:07.549+0000] {processor.py:161} INFO - Started process (PID=254) to work on /opt/airflow/dags/stock_pipeline_dag.py
[2026-03-27T22:14:07.553+0000] {processor.py:830} INFO - Processing file /opt/airflow/dags/stock_pipeline_dag.py for tasks to queue
[2026-03-27T22:14:07.556+0000] {logging_mixin.py:188} INFO - [2026-03-27T22:14:07.555+0000] {dagbag.py:538} INFO - Filling up the DagBag from /opt/airflow/dags/stock_pipeline_dag.py
[2026-03-27T22:14:07.625+0000] {processor.py:840} INFO - DAG(s) 'stock_data_pipeline' retrieved from /opt/airflow/dags/stock_pipeline_dag.py
[2026-03-27T22:14:07.699+0000] {logging_mixin.py:188} INFO - [2026-03-27T22:14:07.699+0000] {dag.py:3033} INFO - Sync 1 DAGs
[2026-03-27T22:14:07.756+0000] {logging_mixin.py:188} INFO - [2026-03-27T22:14:07.756+0000] {dag.py:3820} INFO - Setting next_dagrun for stock_data_pipeline to 2026-03-26T18:00:00+00:00, run_after=2026-03-27T18:00:00+00:00
[2026-03-27T22:14:07.804+0000] {processor.py:183} INFO - Processing /opt/airflow/dags/stock_pipeline_dag.py took 0.271 seconds
[2026-03-27T22:14:38.194+0000] {processor.py:161} INFO - Started process (PID=259) to work on /opt/airflow/dags/stock_pipeline_dag.py
[2026-03-27T22:14:38.197+0000] {processor.py:830} INFO - Processing file /opt/airflow/dags/stock_pipeline_dag.py for tasks to queue
[2026-03-27T22:14:38.199+0000] {logging_mixin.py:188} INFO - [2026-03-27T22:14:38.198+0000] {dagbag.py:538} INFO - Filling up the DagBag from /opt/airflow/dags/stock_pipeline_dag.py
[2026-03-27T22:14:38.266+0000] {processor.py:840} INFO - DAG(s) 'stock_data_pipeline' retrieved from /opt/airflow/dags/stock_pipeline_dag.py
[2026-03-27T22:14:38.340+0000] {logging_mixin.py:188} INFO - [2026-03-27T22:14:38.340+0000] {dag.py:3033} INFO - Sync 1 DAGs
[2026-03-27T22:14:38.395+0000] {logging_mixin.py:188} INFO - [2026-03-27T22:14:38.394+0000] {dag.py:3820} INFO - Setting next_dagrun for stock_data_pipeline to 2026-03-26T18:00:00+00:00, run_after=2026-03-27T18:00:00+00:00
[2026-03-27T22:14:38.445+0000] {processor.py:183} INFO - Processing /opt/airflow/dags/stock_pipeline_dag.py took 0.260 seconds
[2026-03-27T22:15:03.449+0000] {processor.py:161} INFO - Started process (PID=264) to work on /opt/airflow/dags/stock_pipeline_dag.py
[2026-03-27T22:15:03.452+0000] {processor.py:830} INFO - Processing file /opt/airflow/dags/stock_pipeline_dag.py for tasks to queue
[2026-03-27T22:15:03.455+0000] {logging_mixin.py:188} INFO - [2026-03-27T22:15:03.454+0000] {dagbag.py:538} INFO - Filling up the DagBag from /opt/airflow/dags/stock_pipeline_dag.py
[2026-03-27T22:15:03.557+0000] {processor.py:840} INFO - DAG(s) 'stock_data_pipeline' retrieved from /opt/airflow/dags/stock_pipeline_dag.py
[2026-03-27T22:15:03.638+0000] {logging_mixin.py:188} INFO - [2026-03-27T22:15:03.638+0000] {dag.py:3033} INFO - Sync 1 DAGs
[2026-03-27T22:15:03.694+0000] {logging_mixin.py:188} INFO - [2026-03-27T22:15:03.694+0000] {dag.py:3820} INFO - Setting next_dagrun for stock_data_pipeline to 2026-03-26T18:00:00+00:00, run_after=2026-03-27T18:00:00+00:00
[2026-03-27T22:15:03.752+0000] {processor.py:183} INFO - Processing /opt/airflow/dags/stock_pipeline_dag.py took 0.311 seconds
[2026-03-27T22:15:31.302+0000] {processor.py:161} INFO - Started process (PID=175) to work on /opt/airflow/dags/stock_pipeline_dag.py
[2026-03-27T22:15:31.304+0000] {processor.py:830} INFO - Processing file /opt/airflow/dags/stock_pipeline_dag.py for tasks to queue
[2026-03-27T22:15:31.307+0000] {logging_mixin.py:188} INFO - [2026-03-27T22:15:31.306+0000] {dagbag.py:538} INFO - Filling up the DagBag from /opt/airflow/dags/stock_pipeline_dag.py
[2026-03-27T22:15:31.366+0000] {processor.py:840} INFO - DAG(s) 'stock_data_pipeline' retrieved from /opt/airflow/dags/stock_pipeline_dag.py
[2026-03-27T22:15:31.467+0000] {logging_mixin.py:188} INFO - [2026-03-27T22:15:31.466+0000] {dag.py:3033} INFO - Sync 1 DAGs
[2026-03-27T22:15:31.518+0000] {logging_mixin.py:188} INFO - [2026-03-27T22:15:31.518+0000] {dag.py:3820} INFO - Setting next_dagrun for stock_data_pipeline to 2026-03-26T18:00:00+00:00, run_after=2026-03-27T18:00:00+00:00
[2026-03-27T22:15:31.565+0000] {processor.py:183} INFO - Processing /opt/airflow/dags/stock_pipeline_dag.py took 0.271 seconds
[2026-03-27T22:16:01.733+0000] {processor.py:161} INFO - Started process (PID=180) to work on /opt/airflow/dags/stock_pipeline_dag.py
[2026-03-27T22:16:01.736+0000] {processor.py:830} INFO - Processing file /opt/airflow/dags/stock_pipeline_dag.py for tasks to queue
[2026-03-27T22:16:01.740+0000] {logging_mixin.py:188} INFO - [2026-03-27T22:16:01.739+0000] {dagbag.py:538} INFO - Filling up the DagBag from /opt/airflow/dags/stock_pipeline_dag.py
[2026-03-27T22:16:01.815+0000] {processor.py:840} INFO - DAG(s) 'stock_data_pipeline' retrieved from /opt/airflow/dags/stock_pipeline_dag.py
[2026-03-27T22:16:01.912+0000] {logging_mixin.py:188} INFO - [2026-03-27T22:16:01.911+0000] {dag.py:3033} INFO - Sync 1 DAGs
[2026-03-27T22:16:01.979+0000] {logging_mixin.py:188} INFO - [2026-03-27T22:16:01.978+0000] {dag.py:3820} INFO - Setting next_dagrun for stock_data_pipeline to 2026-03-26T18:00:00+00:00, run_after=2026-03-27T18:00:00+00:00
[2026-03-27T22:16:02.046+0000] {processor.py:183} INFO - Processing /opt/airflow/dags/stock_pipeline_dag.py took 0.325 seconds
[2026-03-27T22:16:32.233+0000] {processor.py:161} INFO - Started process (PID=185) to work on /opt/airflow/dags/stock_pipeline_dag.py
[2026-03-27T22:16:32.236+0000] {processor.py:830} INFO - Processing file /opt/airflow/dags/stock_pipeline_dag.py for tasks to queue
[2026-03-27T22:16:32.239+0000] {logging_mixin.py:188} INFO - [2026-03-27T22:16:32.238+0000] {dagbag.py:538} INFO - Filling up the DagBag from /opt/airflow/dags/stock_pipeline_dag.py
[2026-03-27T22:16:32.306+0000] {processor.py:840} INFO - DAG(s) 'stock_data_pipeline' retrieved from /opt/airflow/dags/stock_pipeline_dag.py
[2026-03-27T22:16:32.385+0000] {logging_mixin.py:188} INFO - [2026-03-27T22:16:32.385+0000] {dag.py:3033} INFO - Sync 1 DAGs
[2026-03-27T22:16:32.440+0000] {logging_mixin.py:188} INFO - [2026-03-27T22:16:32.439+0000] {dag.py:3820} INFO - Setting next_dagrun for stock_data_pipeline to 2026-03-26T18:00:00+00:00, run_after=2026-03-27T18:00:00+00:00
[2026-03-27T22:16:32.491+0000] {processor.py:183} INFO - Processing /opt/airflow/dags/stock_pipeline_dag.py took 0.270 seconds
[2026-03-27T22:17:02.714+0000] {processor.py:161} INFO - Started process (PID=190) to work on /opt/airflow/dags/stock_pipeline_dag.py
[2026-03-27T22:17:02.717+0000] {processor.py:830} INFO - Processing file /opt/airflow/dags/stock_pipeline_dag.py for tasks to queue
[2026-03-27T22:17:02.720+0000] {logging_mixin.py:188} INFO - [2026-03-27T22:17:02.719+0000] {dagbag.py:538} INFO - Filling up the DagBag from /opt/airflow/dags/stock_pipeline_dag.py
[2026-03-27T22:17:02.786+0000] {processor.py:840} INFO - DAG(s) 'stock_data_pipeline' retrieved from /opt/airflow/dags/stock_pipeline_dag.py
[2026-03-27T22:17:02.862+0000] {logging_mixin.py:188} INFO - [2026-03-27T22:17:02.862+0000] {dag.py:3033} INFO - Sync 1 DAGs
[2026-03-27T22:17:02.918+0000] {logging_mixin.py:188} INFO - [2026-03-27T22:17:02.917+0000] {dag.py:3820} INFO - Setting next_dagrun for stock_data_pipeline to 2026-03-26T18:00:00+00:00, run_after=2026-03-27T18:00:00+00:00
[2026-03-27T22:17:02.966+0000] {processor.py:183} INFO - Processing /opt/airflow/dags/stock_pipeline_dag.py took 0.263 seconds
[2026-03-27T22:17:33.171+0000] {processor.py:161} INFO - Started process (PID=195) to work on /opt/airflow/dags/stock_pipeline_dag.py
[2026-03-27T22:17:33.173+0000] {processor.py:830} INFO - Processing file /opt/airflow/dags/stock_pipeline_dag.py for tasks to queue
[2026-03-27T22:17:33.176+0000] {logging_mixin.py:188} INFO - [2026-03-27T22:17:33.175+0000] {dagbag.py:538} INFO - Filling up the DagBag from /opt/airflow/dags/stock_pipeline_dag.py
[2026-03-27T22:17:33.233+0000] {processor.py:840} INFO - DAG(s) 'stock_data_pipeline' retrieved from /opt/airflow/dags/stock_pipeline_dag.py
[2026-03-27T22:17:33.310+0000] {logging_mixin.py:188} INFO - [2026-03-27T22:17:33.310+0000] {dag.py:3033} INFO - Sync 1 DAGs
[2026-03-27T22:17:33.390+0000] {logging_mixin.py:188} INFO - [2026-03-27T22:17:33.389+0000] {dag.py:3820} INFO - Setting next_dagrun for stock_data_pipeline to 2026-03-26T18:00:00+00:00, run_after=2026-03-27T18:00:00+00:00
[2026-03-27T22:17:33.446+0000] {processor.py:183} INFO - Processing /opt/airflow/dags/stock_pipeline_dag.py took 0.283 seconds
[2026-03-27T22:18:03.636+0000] {processor.py:161} INFO - Started process (PID=206) to work on /opt/airflow/dags/stock_pipeline_dag.py
[2026-03-27T22:18:03.639+0000] {processor.py:830} INFO - Processing file /opt/airflow/dags/stock_pipeline_dag.py for tasks to queue
[2026-03-27T22:18:03.641+0000] {logging_mixin.py:188} INFO - [2026-03-27T22:18:03.641+0000] {dagbag.py:538} INFO - Filling up the DagBag from /opt/airflow/dags/stock_pipeline_dag.py
[2026-03-27T22:18:03.720+0000] {processor.py:840} INFO - DAG(s) 'stock_data_pipeline' retrieved from /opt/airflow/dags/stock_pipeline_dag.py
[2026-03-27T22:18:03.809+0000] {logging_mixin.py:188} INFO - [2026-03-27T22:18:03.808+0000] {dag.py:3033} INFO - Sync 1 DAGs
[2026-03-27T22:18:03.870+0000] {logging_mixin.py:188} INFO - [2026-03-27T22:18:03.870+0000] {dag.py:3820} INFO - Setting next_dagrun for stock_data_pipeline to 2026-03-27T18:00:00+00:00, run_after=2026-03-30T18:00:00+00:00
[2026-03-27T22:18:03.922+0000] {processor.py:183} INFO - Processing /opt/airflow/dags/stock_pipeline_dag.py took 0.297 seconds
[2026-03-27T22:18:34.138+0000] {processor.py:161} INFO - Started process (PID=211) to work on /opt/airflow/dags/stock_pipeline_dag.py
[2026-03-27T22:18:34.141+0000] {processor.py:830} INFO - Processing file /opt/airflow/dags/stock_pipeline_dag.py for tasks to queue
[2026-03-27T22:18:34.148+0000] {logging_mixin.py:188} INFO - [2026-03-27T22:18:34.147+0000] {dagbag.py:538} INFO - Filling up the DagBag from /opt/airflow/dags/stock_pipeline_dag.py
[2026-03-27T22:18:34.214+0000] {processor.py:840} INFO - DAG(s) 'stock_data_pipeline' retrieved from /opt/airflow/dags/stock_pipeline_dag.py
[2026-03-27T22:18:34.290+0000] {logging_mixin.py:188} INFO - [2026-03-27T22:18:34.290+0000] {dag.py:3033} INFO - Sync 1 DAGs
[2026-03-27T22:18:34.355+0000] {logging_mixin.py:188} INFO - [2026-03-27T22:18:34.354+0000] {dag.py:3820} INFO - Setting next_dagrun for stock_data_pipeline to 2026-03-27T18:00:00+00:00, run_after=2026-03-30T18:00:00+00:00
[2026-03-27T22:18:34.402+0000] {processor.py:183} INFO - Processing /opt/airflow/dags/stock_pipeline_dag.py took 0.274 seconds
[2026-03-27T22:19:04.582+0000] {processor.py:161} INFO - Started process (PID=334) to work on /opt/airflow/dags/stock_pipeline_dag.py
[2026-03-27T22:19:04.585+0000] {processor.py:830} INFO - Processing file /opt/airflow/dags/stock_pipeline_dag.py for tasks to queue
[2026-03-27T22:19:04.587+0000] {logging_mixin.py:188} INFO - [2026-03-27T22:19:04.586+0000] {dagbag.py:538} INFO - Filling up the DagBag from /opt/airflow/dags/stock_pipeline_dag.py
[2026-03-27T22:19:04.649+0000] {processor.py:840} INFO - DAG(s) 'stock_data_pipeline' retrieved from /opt/airflow/dags/stock_pipeline_dag.py
[2026-03-27T22:19:04.722+0000] {logging_mixin.py:188} INFO - [2026-03-27T22:19:04.722+0000] {dag.py:3033} INFO - Sync 1 DAGs
[2026-03-27T22:19:04.776+0000] {logging_mixin.py:188} INFO - [2026-03-27T22:19:04.775+0000] {dag.py:3820} INFO - Setting next_dagrun for stock_data_pipeline to 2026-03-27T18:00:00+00:00, run_after=2026-03-30T18:00:00+00:00
[2026-03-27T22:19:04.820+0000] {processor.py:183} INFO - Processing /opt/airflow/dags/stock_pipeline_dag.py took 0.245 seconds
[2026-03-27T22:19:35.104+0000] {processor.py:161} INFO - Started process (PID=339) to work on /opt/airflow/dags/stock_pipeline_dag.py
[2026-03-27T22:19:35.106+0000] {processor.py:830} INFO - Processing file /opt/airflow/dags/stock_pipeline_dag.py for tasks to queue
[2026-03-27T22:19:35.109+0000] {logging_mixin.py:188} INFO - [2026-03-27T22:19:35.109+0000] {dagbag.py:538} INFO - Filling up the DagBag from /opt/airflow/dags/stock_pipeline_dag.py
[2026-03-27T22:19:35.168+0000] {processor.py:840} INFO - DAG(s) 'stock_data_pipeline' retrieved from /opt/airflow/dags/stock_pipeline_dag.py
[2026-03-27T22:19:35.236+0000] {logging_mixin.py:188} INFO - [2026-03-27T22:19:35.236+0000] {dag.py:3033} INFO - Sync 1 DAGs
[2026-03-27T22:19:35.311+0000] {logging_mixin.py:188} INFO - [2026-03-27T22:19:35.311+0000] {dag.py:3820} INFO - Setting next_dagrun for stock_data_pipeline to 2026-03-27T18:00:00+00:00, run_after=2026-03-30T18:00:00+00:00
[2026-03-27T22:19:35.368+0000] {processor.py:183} INFO - Processing /opt/airflow/dags/stock_pipeline_dag.py took 0.272 seconds
[2026-03-27T22:20:05.494+0000] {processor.py:161} INFO - Started process (PID=344) to work on /opt/airflow/dags/stock_pipeline_dag.py
[2026-03-27T22:20:05.496+0000] {processor.py:830} INFO - Processing file /opt/airflow/dags/stock_pipeline_dag.py for tasks to queue
[2026-03-27T22:20:05.499+0000] {logging_mixin.py:188} INFO - [2026-03-27T22:20:05.498+0000] {dagbag.py:538} INFO - Filling up the DagBag from /opt/airflow/dags/stock_pipeline_dag.py
[2026-03-27T22:20:05.558+0000] {processor.py:840} INFO - DAG(s) 'stock_data_pipeline' retrieved from /opt/airflow/dags/stock_pipeline_dag.py
[2026-03-27T22:20:05.627+0000] {logging_mixin.py:188} INFO - [2026-03-27T22:20:05.627+0000] {dag.py:3033} INFO - Sync 1 DAGs
[2026-03-27T22:20:05.686+0000] {logging_mixin.py:188} INFO - [2026-03-27T22:20:05.685+0000] {dag.py:3820} INFO - Setting next_dagrun for stock_data_pipeline to 2026-03-27T18:00:00+00:00, run_after=2026-03-30T18:00:00+00:00
[2026-03-27T22:20:05.740+0000] {processor.py:183} INFO - Processing /opt/airflow/dags/stock_pipeline_dag.py took 0.254 seconds
[2026-03-27T22:20:36.212+0000] {processor.py:161} INFO - Started process (PID=349) to work on /opt/airflow/dags/stock_pipeline_dag.py
[2026-03-27T22:20:36.215+0000] {processor.py:830} INFO - Processing file /opt/airflow/dags/stock_pipeline_dag.py for tasks to queue
[2026-03-27T22:20:36.217+0000] {logging_mixin.py:188} INFO - [2026-03-27T22:20:36.216+0000] {dagbag.py:538} INFO - Filling up the DagBag from /opt/airflow/dags/stock_pipeline_dag.py
[2026-03-27T22:20:36.277+0000] {processor.py:840} INFO - DAG(s) 'stock_data_pipeline' retrieved from /opt/airflow/dags/stock_pipeline_dag.py
[2026-03-27T22:20:36.353+0000] {logging_mixin.py:188} INFO - [2026-03-27T22:20:36.353+0000] {dag.py:3033} INFO - Sync 1 DAGs
[2026-03-27T22:20:36.418+0000] {logging_mixin.py:188} INFO - [2026-03-27T22:20:36.418+0000] {dag.py:3820} INFO - Setting next_dagrun for stock_data_pipeline to 2026-03-27T18:00:00+00:00, run_after=2026-03-30T18:00:00+00:00
[2026-03-27T22:20:36.468+0000] {processor.py:183} INFO - Processing /opt/airflow/dags/stock_pipeline_dag.py took 0.263 seconds
[2026-03-27T22:21:06.829+0000] {processor.py:161} INFO - Started process (PID=354) to work on /opt/airflow/dags/stock_pipeline_dag.py
[2026-03-27T22:21:06.832+0000] {processor.py:830} INFO - Processing file /opt/airflow/dags/stock_pipeline_dag.py for tasks to queue
[2026-03-27T22:21:06.835+0000] {logging_mixin.py:188} INFO - [2026-03-27T22:21:06.834+0000] {dagbag.py:538} INFO - Filling up the DagBag from /opt/airflow/dags/stock_pipeline_dag.py
[2026-03-27T22:21:06.901+0000] {processor.py:840} INFO - DAG(s) 'stock_data_pipeline' retrieved from /opt/airflow/dags/stock_pipeline_dag.py
[2026-03-27T22:21:06.975+0000] {logging_mixin.py:188} INFO - [2026-03-27T22:21:06.974+0000] {dag.py:3033} INFO - Sync 1 DAGs
[2026-03-27T22:21:07.035+0000] {logging_mixin.py:188} INFO - [2026-03-27T22:21:07.035+0000] {dag.py:3820} INFO - Setting next_dagrun for stock_data_pipeline to 2026-03-27T18:00:00+00:00, run_after=2026-03-30T18:00:00+00:00
[2026-03-27T22:21:07.087+0000] {processor.py:183} INFO - Processing /opt/airflow/dags/stock_pipeline_dag.py took 0.269 seconds
[2026-03-27T22:21:37.507+0000] {processor.py:161} INFO - Started process (PID=359) to work on /opt/airflow/dags/stock_pipeline_dag.py
[2026-03-27T22:21:37.509+0000] {processor.py:830} INFO - Processing file /opt/airflow/dags/stock_pipeline_dag.py for tasks to queue
[2026-03-27T22:21:37.512+0000] {logging_mixin.py:188} INFO - [2026-03-27T22:21:37.511+0000] {dagbag.py:538} INFO - Filling up the DagBag from /opt/airflow/dags/stock_pipeline_dag.py
[2026-03-27T22:21:37.571+0000] {processor.py:840} INFO - DAG(s) 'stock_data_pipeline' retrieved from /opt/airflow/dags/stock_pipeline_dag.py
[2026-03-27T22:21:37.649+0000] {logging_mixin.py:188} INFO - [2026-03-27T22:21:37.649+0000] {dag.py:3033} INFO - Sync 1 DAGs
[2026-03-27T22:21:37.708+0000] {logging_mixin.py:188} INFO - [2026-03-27T22:21:37.708+0000] {dag.py:3820} INFO - Setting next_dagrun for stock_data_pipeline to 2026-03-27T18:00:00+00:00, run_after=2026-03-30T18:00:00+00:00
[2026-03-27T22:21:37.760+0000] {processor.py:183} INFO - Processing /opt/airflow/dags/stock_pipeline_dag.py took 0.261 seconds
[2026-03-27T22:22:08.248+0000] {processor.py:161} INFO - Started process (PID=364) to work on /opt/airflow/dags/stock_pipeline_dag.py
[2026-03-27T22:22:08.251+0000] {processor.py:830} INFO - Processing file /opt/airflow/dags/stock_pipeline_dag.py for tasks to queue
[2026-03-27T22:22:08.254+0000] {logging_mixin.py:188} INFO - [2026-03-27T22:22:08.253+0000] {dagbag.py:538} INFO - Filling up the DagBag from /opt/airflow/dags/stock_pipeline_dag.py
[2026-03-27T22:22:08.319+0000] {processor.py:840} INFO - DAG(s) 'stock_data_pipeline' retrieved from /opt/airflow/dags/stock_pipeline_dag.py
[2026-03-27T22:22:08.425+0000] {logging_mixin.py:188} INFO - [2026-03-27T22:22:08.425+0000] {dag.py:3033} INFO - Sync 1 DAGs
[2026-03-27T22:22:08.494+0000] {logging_mixin.py:188} INFO - [2026-03-27T22:22:08.494+0000] {dag.py:3820} INFO - Setting next_dagrun for stock_data_pipeline to 2026-03-27T18:00:00+00:00, run_after=2026-03-30T18:00:00+00:00
[2026-03-27T22:22:08.555+0000] {processor.py:183} INFO - Processing /opt/airflow/dags/stock_pipeline_dag.py took 0.320 seconds
[2026-03-27T22:22:38.940+0000] {processor.py:161} INFO - Started process (PID=369) to work on /opt/airflow/dags/stock_pipeline_dag.py
[2026-03-27T22:22:38.944+0000] {processor.py:830} INFO - Processing file /opt/airflow/dags/stock_pipeline_dag.py for tasks to queue
[2026-03-27T22:22:38.947+0000] {logging_mixin.py:188} INFO - [2026-03-27T22:22:38.946+0000] {dagbag.py:538} INFO - Filling up the DagBag from /opt/airflow/dags/stock_pipeline_dag.py
[2026-03-27T22:22:39.023+0000] {processor.py:840} INFO - DAG(s) 'stock_data_pipeline' retrieved from /opt/airflow/dags/stock_pipeline_dag.py
[2026-03-27T22:22:39.114+0000] {logging_mixin.py:188} INFO - [2026-03-27T22:22:39.114+0000] {dag.py:3033} INFO - Sync 1 DAGs
[2026-03-27T22:22:39.178+0000] {logging_mixin.py:188} INFO - [2026-03-27T22:22:39.177+0000] {dag.py:3820} INFO - Setting next_dagrun for stock_data_pipeline to 2026-03-27T18:00:00+00:00, run_after=2026-03-30T18:00:00+00:00
[2026-03-27T22:22:39.228+0000] {processor.py:183} INFO - Processing /opt/airflow/dags/stock_pipeline_dag.py took 0.299 seconds
[2026-03-27T22:23:09.698+0000] {processor.py:161} INFO - Started process (PID=374) to work on /opt/airflow/dags/stock_pipeline_dag.py
[2026-03-27T22:23:09.701+0000] {processor.py:830} INFO - Processing file /opt/airflow/dags/stock_pipeline_dag.py for tasks to queue
[2026-03-27T22:23:09.705+0000] {logging_mixin.py:188} INFO - [2026-03-27T22:23:09.704+0000] {dagbag.py:538} INFO - Filling up the DagBag from /opt/airflow/dags/stock_pipeline_dag.py
[2026-03-27T22:23:09.783+0000] {processor.py:840} INFO - DAG(s) 'stock_data_pipeline' retrieved from /opt/airflow/dags/stock_pipeline_dag.py
[2026-03-27T22:23:09.869+0000] {logging_mixin.py:188} INFO - [2026-03-27T22:23:09.868+0000] {dag.py:3033} INFO - Sync 1 DAGs
[2026-03-27T22:23:09.939+0000] {logging_mixin.py:188} INFO - [2026-03-27T22:23:09.939+0000] {dag.py:3820} INFO - Setting next_dagrun for stock_data_pipeline to 2026-03-27T18:00:00+00:00, run_after=2026-03-30T18:00:00+00:00
[2026-03-27T22:23:09.994+0000] {processor.py:183} INFO - Processing /opt/airflow/dags/stock_pipeline_dag.py took 0.309 seconds
[2026-03-27T22:23:40.448+0000] {processor.py:161} INFO - Started process (PID=379) to work on /opt/airflow/dags/stock_pipeline_dag.py
[2026-03-27T22:23:40.452+0000] {processor.py:830} INFO - Processing file /opt/airflow/dags/stock_pipeline_dag.py for tasks to queue
[2026-03-27T22:23:40.456+0000] {logging_mixin.py:188} INFO - [2026-03-27T22:23:40.456+0000] {dagbag.py:538} INFO - Filling up the DagBag from /opt/airflow/dags/stock_pipeline_dag.py
[2026-03-27T22:23:40.525+0000] {processor.py:840} INFO - DAG(s) 'stock_data_pipeline' retrieved from /opt/airflow/dags/stock_pipeline_dag.py
[2026-03-27T22:23:40.615+0000] {logging_mixin.py:188} INFO - [2026-03-27T22:23:40.615+0000] {dag.py:3033} INFO - Sync 1 DAGs
[2026-03-27T22:23:40.674+0000] {logging_mixin.py:188} INFO - [2026-03-27T22:23:40.674+0000] {dag.py:3820} INFO - Setting next_dagrun for stock_data_pipeline to 2026-03-27T18:00:00+00:00, run_after=2026-03-30T18:00:00+00:00
[2026-03-27T22:23:40.724+0000] {processor.py:183} INFO - Processing /opt/airflow/dags/stock_pipeline_dag.py took 0.286 seconds
[2026-03-27T22:24:11.128+0000] {processor.py:161} INFO - Started process (PID=384) to work on /opt/airflow/dags/stock_pipeline_dag.py
[2026-03-27T22:24:11.132+0000] {processor.py:830} INFO - Processing file /opt/airflow/dags/stock_pipeline_dag.py for tasks to queue
[2026-03-27T22:24:11.136+0000] {logging_mixin.py:188} INFO - [2026-03-27T22:24:11.135+0000] {dagbag.py:538} INFO - Filling up the DagBag from /opt/airflow/dags/stock_pipeline_dag.py
[2026-03-27T22:24:11.216+0000] {processor.py:840} INFO - DAG(s) 'stock_data_pipeline' retrieved from /opt/airflow/dags/stock_pipeline_dag.py
[2026-03-27T22:24:11.310+0000] {logging_mixin.py:188} INFO - [2026-03-27T22:24:11.310+0000] {dag.py:3033} INFO - Sync 1 DAGs
[2026-03-27T22:24:11.393+0000] {logging_mixin.py:188} INFO - [2026-03-27T22:24:11.393+0000] {dag.py:3820} INFO - Setting next_dagrun for stock_data_pipeline to 2026-03-27T18:00:00+00:00, run_after=2026-03-30T18:00:00+00:00
[2026-03-27T22:24:11.447+0000] {processor.py:183} INFO - Processing /opt/airflow/dags/stock_pipeline_dag.py took 0.332 seconds
[2026-03-27T22:24:41.903+0000] {processor.py:161} INFO - Started process (PID=389) to work on /opt/airflow/dags/stock_pipeline_dag.py
[2026-03-27T22:24:41.905+0000] {processor.py:830} INFO - Processing file /opt/airflow/dags/stock_pipeline_dag.py for tasks to queue
[2026-03-27T22:24:41.908+0000] {logging_mixin.py:188} INFO - [2026-03-27T22:24:41.907+0000] {dagbag.py:538} INFO - Filling up the DagBag from /opt/airflow/dags/stock_pipeline_dag.py
[2026-03-27T22:24:41.965+0000] {processor.py:840} INFO - DAG(s) 'stock_data_pipeline' retrieved from /opt/airflow/dags/stock_pipeline_dag.py
[2026-03-27T22:24:42.041+0000] {logging_mixin.py:188} INFO - [2026-03-27T22:24:42.041+0000] {dag.py:3033} INFO - Sync 1 DAGs
[2026-03-27T22:24:42.102+0000] {logging_mixin.py:188} INFO - [2026-03-27T22:24:42.102+0000] {dag.py:3820} INFO - Setting next_dagrun for stock_data_pipeline to 2026-03-27T18:00:00+00:00, run_after=2026-03-30T18:00:00+00:00
[2026-03-27T22:24:42.154+0000] {processor.py:183} INFO - Processing /opt/airflow/dags/stock_pipeline_dag.py took 0.259 seconds
[2026-03-27T22:25:12.290+0000] {processor.py:161} INFO - Started process (PID=394) to work on /opt/airflow/dags/stock_pipeline_dag.py
[2026-03-27T22:25:12.292+0000] {processor.py:830} INFO - Processing file /opt/airflow/dags/stock_pipeline_dag.py for tasks to queue
[2026-03-27T22:25:12.295+0000] {logging_mixin.py:188} INFO - [2026-03-27T22:25:12.294+0000] {dagbag.py:538} INFO - Filling up the DagBag from /opt/airflow/dags/stock_pipeline_dag.py
[2026-03-27T22:25:12.359+0000] {processor.py:840} INFO - DAG(s) 'stock_data_pipeline' retrieved from /opt/airflow/dags/stock_pipeline_dag.py
[2026-03-27T22:25:12.436+0000] {logging_mixin.py:188} INFO - [2026-03-27T22:25:12.436+0000] {dag.py:3033} INFO - Sync 1 DAGs
[2026-03-27T22:25:12.494+0000] {logging_mixin.py:188} INFO - [2026-03-27T22:25:12.493+0000] {dag.py:3820} INFO - Setting next_dagrun for stock_data_pipeline to 2026-03-27T18:00:00+00:00, run_after=2026-03-30T18:00:00+00:00
[2026-03-27T22:25:12.540+0000] {processor.py:183} INFO - Processing /opt/airflow/dags/stock_pipeline_dag.py took 0.258 seconds
[2026-03-27T22:25:42.968+0000] {processor.py:161} INFO - Started process (PID=399) to work on /opt/airflow/dags/stock_pipeline_dag.py
[2026-03-27T22:25:42.971+0000] {processor.py:830} INFO - Processing file /opt/airflow/dags/stock_pipeline_dag.py for tasks to queue
[2026-03-27T22:25:42.974+0000] {logging_mixin.py:188} INFO - [2026-03-27T22:25:42.973+0000] {dagbag.py:538} INFO - Filling up the DagBag from /opt/airflow/dags/stock_pipeline_dag.py
[2026-03-27T22:25:43.037+0000] {processor.py:840} INFO - DAG(s) 'stock_data_pipeline' retrieved from /opt/airflow/dags/stock_pipeline_dag.py
[2026-03-27T22:25:43.108+0000] {logging_mixin.py:188} INFO - [2026-03-27T22:25:43.108+0000] {dag.py:3033} INFO - Sync 1 DAGs
[2026-03-27T22:25:43.167+0000] {logging_mixin.py:188} INFO - [2026-03-27T22:25:43.167+0000] {dag.py:3820} INFO - Setting next_dagrun for stock_data_pipeline to 2026-03-27T18:00:00+00:00, run_after=2026-03-30T18:00:00+00:00
[2026-03-27T22:25:43.211+0000] {processor.py:183} INFO - Processing /opt/airflow/dags/stock_pipeline_dag.py took 0.252 seconds
[2026-03-27T22:26:13.337+0000] {processor.py:161} INFO - Started process (PID=404) to work on /opt/airflow/dags/stock_pipeline_dag.py
[2026-03-27T22:26:13.339+0000] {processor.py:830} INFO - Processing file /opt/airflow/dags/stock_pipeline_dag.py for tasks to queue
[2026-03-27T22:26:13.341+0000] {logging_mixin.py:188} INFO - [2026-03-27T22:26:13.340+0000] {dagbag.py:538} INFO - Filling up the DagBag from /opt/airflow/dags/stock_pipeline_dag.py
[2026-03-27T22:26:13.406+0000] {processor.py:840} INFO - DAG(s) 'stock_data_pipeline' retrieved from /opt/airflow/dags/stock_pipeline_dag.py
[2026-03-27T22:26:13.484+0000] {logging_mixin.py:188} INFO - [2026-03-27T22:26:13.484+0000] {dag.py:3033} INFO - Sync 1 DAGs
[2026-03-27T22:26:13.567+0000] {logging_mixin.py:188} INFO - [2026-03-27T22:26:13.566+0000] {dag.py:3820} INFO - Setting next_dagrun for stock_data_pipeline to 2026-03-27T18:00:00+00:00, run_after=2026-03-30T18:00:00+00:00
[2026-03-27T22:26:13.621+0000] {processor.py:183} INFO - Processing /opt/airflow/dags/stock_pipeline_dag.py took 0.292 seconds
[2026-03-27T22:26:43.916+0000] {processor.py:161} INFO - Started process (PID=409) to work on /opt/airflow/dags/stock_pipeline_dag.py
[2026-03-27T22:26:43.920+0000] {processor.py:830} INFO - Processing file /opt/airflow/dags/stock_pipeline_dag.py for tasks to queue
[2026-03-27T22:26:43.923+0000] {logging_mixin.py:188} INFO - [2026-03-27T22:26:43.922+0000] {dagbag.py:538} INFO - Filling up the DagBag from /opt/airflow/dags/stock_pipeline_dag.py
[2026-03-27T22:26:43.983+0000] {processor.py:840} INFO - DAG(s) 'stock_data_pipeline' retrieved from /opt/airflow/dags/stock_pipeline_dag.py
[2026-03-27T22:26:44.058+0000] {logging_mixin.py:188} INFO - [2026-03-27T22:26:44.057+0000] {dag.py:3033} INFO - Sync 1 DAGs
[2026-03-27T22:26:44.117+0000] {logging_mixin.py:188} INFO - [2026-03-27T22:26:44.116+0000] {dag.py:3820} INFO - Setting next_dagrun for stock_data_pipeline to 2026-03-27T18:00:00+00:00, run_after=2026-03-30T18:00:00+00:00
[2026-03-27T22:26:44.168+0000] {processor.py:183} INFO - Processing /opt/airflow/dags/stock_pipeline_dag.py took 0.260 seconds
[2026-03-27T22:27:14.323+0000] {processor.py:161} INFO - Started process (PID=414) to work on /opt/airflow/dags/stock_pipeline_dag.py
[2026-03-27T22:27:14.326+0000] {processor.py:830} INFO - Processing file /opt/airflow/dags/stock_pipeline_dag.py for tasks to queue
[2026-03-27T22:27:14.328+0000] {logging_mixin.py:188} INFO - [2026-03-27T22:27:14.328+0000] {dagbag.py:538} INFO - Filling up the DagBag from /opt/airflow/dags/stock_pipeline_dag.py
[2026-03-27T22:27:14.394+0000] {processor.py:840} INFO - DAG(s) 'stock_data_pipeline' retrieved from /opt/airflow/dags/stock_pipeline_dag.py
[2026-03-27T22:27:14.474+0000] {logging_mixin.py:188} INFO - [2026-03-27T22:27:14.474+0000] {dag.py:3033} INFO - Sync 1 DAGs
[2026-03-27T22:27:14.536+0000] {logging_mixin.py:188} INFO - [2026-03-27T22:27:14.535+0000] {dag.py:3820} INFO - Setting next_dagrun for stock_data_pipeline to 2026-03-27T18:00:00+00:00, run_after=2026-03-30T18:00:00+00:00
[2026-03-27T22:27:14.587+0000] {processor.py:183} INFO - Processing /opt/airflow/dags/stock_pipeline_dag.py took 0.272 seconds
[2026-03-27T22:27:44.937+0000] {processor.py:161} INFO - Started process (PID=419) to work on /opt/airflow/dags/stock_pipeline_dag.py
[2026-03-27T22:27:44.941+0000] {processor.py:830} INFO - Processing file /opt/airflow/dags/stock_pipeline_dag.py for tasks to queue
[2026-03-27T22:27:44.943+0000] {logging_mixin.py:188} INFO - [2026-03-27T22:27:44.943+0000] {dagbag.py:538} INFO - Filling up the DagBag from /opt/airflow/dags/stock_pipeline_dag.py
[2026-03-27T22:27:45.015+0000] {processor.py:840} INFO - DAG(s) 'stock_data_pipeline' retrieved from /opt/airflow/dags/stock_pipeline_dag.py
[2026-03-27T22:27:45.099+0000] {logging_mixin.py:188} INFO - [2026-03-27T22:27:45.099+0000] {dag.py:3033} INFO - Sync 1 DAGs
[2026-03-27T22:27:45.168+0000] {logging_mixin.py:188} INFO - [2026-03-27T22:27:45.167+0000] {dag.py:3820} INFO - Setting next_dagrun for stock_data_pipeline to 2026-03-27T18:00:00+00:00, run_after=2026-03-30T18:00:00+00:00
[2026-03-27T22:27:45.220+0000] {processor.py:183} INFO - Processing /opt/airflow/dags/stock_pipeline_dag.py took 0.295 seconds
[2026-03-27T22:28:15.620+0000] {processor.py:161} INFO - Started process (PID=424) to work on /opt/airflow/dags/stock_pipeline_dag.py
[2026-03-27T22:28:15.623+0000] {processor.py:830} INFO - Processing file /opt/airflow/dags/stock_pipeline_dag.py for tasks to queue
[2026-03-27T22:28:15.625+0000] {logging_mixin.py:188} INFO - [2026-03-27T22:28:15.624+0000] {dagbag.py:538} INFO - Filling up the DagBag from /opt/airflow/dags/stock_pipeline_dag.py
[2026-03-27T22:28:15.698+0000] {processor.py:840} INFO - DAG(s) 'stock_data_pipeline' retrieved from /opt/airflow/dags/stock_pipeline_dag.py
[2026-03-27T22:28:15.784+0000] {logging_mixin.py:188} INFO - [2026-03-27T22:28:15.783+0000] {dag.py:3033} INFO - Sync 1 DAGs
[2026-03-27T22:28:15.845+0000] {logging_mixin.py:188} INFO - [2026-03-27T22:28:15.844+0000] {dag.py:3820} INFO - Setting next_dagrun for stock_data_pipeline to 2026-03-27T18:00:00+00:00, run_after=2026-03-30T18:00:00+00:00
[2026-03-27T22:28:15.890+0000] {processor.py:183} INFO - Processing /opt/airflow/dags/stock_pipeline_dag.py took 0.278 seconds
[2026-03-27T22:28:46.286+0000] {processor.py:161} INFO - Started process (PID=429) to work on /opt/airflow/dags/stock_pipeline_dag.py
[2026-03-27T22:28:46.289+0000] {processor.py:830} INFO - Processing file /opt/airflow/dags/stock_pipeline_dag.py for tasks to queue
[2026-03-27T22:28:46.292+0000] {logging_mixin.py:188} INFO - [2026-03-27T22:28:46.291+0000] {dagbag.py:538} INFO - Filling up the DagBag from /opt/airflow/dags/stock_pipeline_dag.py
[2026-03-27T22:28:46.356+0000] {processor.py:840} INFO - DAG(s) 'stock_data_pipeline' retrieved from /opt/airflow/dags/stock_pipeline_dag.py
[2026-03-27T22:28:46.435+0000] {logging_mixin.py:188} INFO - [2026-03-27T22:28:46.435+0000] {dag.py:3033} INFO - Sync 1 DAGs
[2026-03-27T22:28:46.493+0000] {logging_mixin.py:188} INFO - [2026-03-27T22:28:46.492+0000] {dag.py:3820} INFO - Setting next_dagrun for stock_data_pipeline to 2026-03-27T18:00:00+00:00, run_after=2026-03-30T18:00:00+00:00
[2026-03-27T22:28:46.542+0000] {processor.py:183} INFO - Processing /opt/airflow/dags/stock_pipeline_dag.py took 0.267 seconds
[2026-03-27T22:29:16.936+0000] {processor.py:161} INFO - Started process (PID=434) to work on /opt/airflow/dags/stock_pipeline_dag.py
[2026-03-27T22:29:16.939+0000] {processor.py:830} INFO - Processing file /opt/airflow/dags/stock_pipeline_dag.py for tasks to queue
[2026-03-27T22:29:16.941+0000] {logging_mixin.py:188} INFO - [2026-03-27T22:29:16.941+0000] {dagbag.py:538} INFO - Filling up the DagBag from /opt/airflow/dags/stock_pipeline_dag.py
[2026-03-27T22:29:17.004+0000] {processor.py:840} INFO - DAG(s) 'stock_data_pipeline' retrieved from /opt/airflow/dags/stock_pipeline_dag.py
[2026-03-27T22:29:17.083+0000] {logging_mixin.py:188} INFO - [2026-03-27T22:29:17.083+0000] {dag.py:3033} INFO - Sync 1 DAGs
[2026-03-27T22:29:17.147+0000] {logging_mixin.py:188} INFO - [2026-03-27T22:29:17.146+0000] {dag.py:3820} INFO - Setting next_dagrun for stock_data_pipeline to 2026-03-27T18:00:00+00:00, run_after=2026-03-30T18:00:00+00:00
[2026-03-27T22:29:17.198+0000] {processor.py:183} INFO - Processing /opt/airflow/dags/stock_pipeline_dag.py took 0.270 seconds
[2026-03-27T22:29:47.596+0000] {processor.py:161} INFO - Started process (PID=439) to work on /opt/airflow/dags/stock_pipeline_dag.py
[2026-03-27T22:29:47.599+0000] {processor.py:830} INFO - Processing file /opt/airflow/dags/stock_pipeline_dag.py for tasks to queue
[2026-03-27T22:29:47.601+0000] {logging_mixin.py:188} INFO - [2026-03-27T22:29:47.601+0000] {dagbag.py:538} INFO - Filling up the DagBag from /opt/airflow/dags/stock_pipeline_dag.py
[2026-03-27T22:29:47.667+0000] {processor.py:840} INFO - DAG(s) 'stock_data_pipeline' retrieved from /opt/airflow/dags/stock_pipeline_dag.py
[2026-03-27T22:29:47.750+0000] {logging_mixin.py:188} INFO - [2026-03-27T22:29:47.750+0000] {dag.py:3033} INFO - Sync 1 DAGs
[2026-03-27T22:29:47.808+0000] {logging_mixin.py:188} INFO - [2026-03-27T22:29:47.807+0000] {dag.py:3820} INFO - Setting next_dagrun for stock_data_pipeline to 2026-03-27T18:00:00+00:00, run_after=2026-03-30T18:00:00+00:00
[2026-03-27T22:29:47.853+0000] {processor.py:183} INFO - Processing /opt/airflow/dags/stock_pipeline_dag.py took 0.266 seconds
[2026-03-27T22:30:18.249+0000] {processor.py:161} INFO - Started process (PID=444) to work on /opt/airflow/dags/stock_pipeline_dag.py
[2026-03-27T22:30:18.252+0000] {processor.py:830} INFO - Processing file /opt/airflow/dags/stock_pipeline_dag.py for tasks to queue
[2026-03-27T22:30:18.255+0000] {logging_mixin.py:188} INFO - [2026-03-27T22:30:18.254+0000] {dagbag.py:538} INFO - Filling up the DagBag from /opt/airflow/dags/stock_pipeline_dag.py
[2026-03-27T22:30:18.326+0000] {processor.py:840} INFO - DAG(s) 'stock_data_pipeline' retrieved from /opt/airflow/dags/stock_pipeline_dag.py
[2026-03-27T22:30:18.411+0000] {logging_mixin.py:188} INFO - [2026-03-27T22:30:18.410+0000] {dag.py:3033} INFO - Sync 1 DAGs
[2026-03-27T22:30:18.473+0000] {logging_mixin.py:188} INFO - [2026-03-27T22:30:18.472+0000] {dag.py:3820} INFO - Setting next_dagrun for stock_data_pipeline to 2026-03-27T18:00:00+00:00, run_after=2026-03-30T18:00:00+00:00
[2026-03-27T22:30:18.525+0000] {processor.py:183} INFO - Processing /opt/airflow/dags/stock_pipeline_dag.py took 0.284 seconds
[2026-03-27T22:30:49.056+0000] {processor.py:161} INFO - Started process (PID=449) to work on /opt/airflow/dags/stock_pipeline_dag.py
[2026-03-27T22:30:49.061+0000] {processor.py:830} INFO - Processing file /opt/airflow/dags/stock_pipeline_dag.py for tasks to queue
[2026-03-27T22:30:49.064+0000] {logging_mixin.py:188} INFO - [2026-03-27T22:30:49.063+0000] {dagbag.py:538} INFO - Filling up the DagBag from /opt/airflow/dags/stock_pipeline_dag.py
[2026-03-27T22:30:49.144+0000] {processor.py:840} INFO - DAG(s) 'stock_data_pipeline' retrieved from /opt/airflow/dags/stock_pipeline_dag.py
[2026-03-27T22:30:49.231+0000] {logging_mixin.py:188} INFO - [2026-03-27T22:30:49.231+0000] {dag.py:3033} INFO - Sync 1 DAGs
[2026-03-27T22:30:49.294+0000] {logging_mixin.py:188} INFO - [2026-03-27T22:30:49.293+0000] {dag.py:3820} INFO - Setting next_dagrun for stock_data_pipeline to 2026-03-27T18:00:00+00:00, run_after=2026-03-30T18:00:00+00:00
[2026-03-27T22:30:49.346+0000] {processor.py:183} INFO - Processing /opt/airflow/dags/stock_pipeline_dag.py took 0.303 seconds
[2026-03-27T22:31:19.776+0000] {processor.py:161} INFO - Started process (PID=454) to work on /opt/airflow/dags/stock_pipeline_dag.py
[2026-03-27T22:31:19.779+0000] {processor.py:830} INFO - Processing file /opt/airflow/dags/stock_pipeline_dag.py for tasks to queue
[2026-03-27T22:31:19.782+0000] {logging_mixin.py:188} INFO - [2026-03-27T22:31:19.781+0000] {dagbag.py:538} INFO - Filling up the DagBag from /opt/airflow/dags/stock_pipeline_dag.py
[2026-03-27T22:31:19.855+0000] {processor.py:840} INFO - DAG(s) 'stock_data_pipeline' retrieved from /opt/airflow/dags/stock_pipeline_dag.py
[2026-03-27T22:31:19.937+0000] {logging_mixin.py:188} INFO - [2026-03-27T22:31:19.936+0000] {dag.py:3033} INFO - Sync 1 DAGs
[2026-03-27T22:31:19.996+0000] {logging_mixin.py:188} INFO - [2026-03-27T22:31:19.996+0000] {dag.py:3820} INFO - Setting next_dagrun for stock_data_pipeline to 2026-03-27T18:00:00+00:00, run_after=2026-03-30T18:00:00+00:00
[2026-03-27T22:31:20.046+0000] {processor.py:183} INFO - Processing /opt/airflow/dags/stock_pipeline_dag.py took 0.280 seconds
[2026-03-27T22:31:50.494+0000] {processor.py:161} INFO - Started process (PID=459) to work on /opt/airflow/dags/stock_pipeline_dag.py
[2026-03-27T22:31:50.498+0000] {processor.py:830} INFO - Processing file /opt/airflow/dags/stock_pipeline_dag.py for tasks to queue
[2026-03-27T22:31:50.501+0000] {logging_mixin.py:188} INFO - [2026-03-27T22:31:50.501+0000] {dagbag.py:538} INFO - Filling up the DagBag from /opt/airflow/dags/stock_pipeline_dag.py
[2026-03-27T22:31:50.589+0000] {processor.py:840} INFO - DAG(s) 'stock_data_pipeline' retrieved from /opt/airflow/dags/stock_pipeline_dag.py
[2026-03-27T22:31:50.683+0000] {logging_mixin.py:188} INFO - [2026-03-27T22:31:50.683+0000] {dag.py:3033} INFO - Sync 1 DAGs
[2026-03-27T22:31:50.747+0000] {logging_mixin.py:188} INFO - [2026-03-27T22:31:50.747+0000] {dag.py:3820} INFO - Setting next_dagrun for stock_data_pipeline to 2026-03-27T18:00:00+00:00, run_after=2026-03-30T18:00:00+00:00
[2026-03-27T22:31:50.799+0000] {processor.py:183} INFO - Processing /opt/airflow/dags/stock_pipeline_dag.py took 0.319 seconds
[2026-03-27T22:32:21.228+0000] {processor.py:161} INFO - Started process (PID=464) to work on /opt/airflow/dags/stock_pipeline_dag.py
[2026-03-27T22:32:21.231+0000] {processor.py:830} INFO - Processing file /opt/airflow/dags/stock_pipeline_dag.py for tasks to queue
[2026-03-27T22:32:21.233+0000] {logging_mixin.py:188} INFO - [2026-03-27T22:32:21.233+0000] {dagbag.py:538} INFO - Filling up the DagBag from /opt/airflow/dags/stock_pipeline_dag.py
[2026-03-27T22:32:21.303+0000] {processor.py:840} INFO - DAG(s) 'stock_data_pipeline' retrieved from /opt/airflow/dags/stock_pipeline_dag.py
[2026-03-27T22:32:21.387+0000] {logging_mixin.py:188} INFO - [2026-03-27T22:32:21.386+0000] {dag.py:3033} INFO - Sync 1 DAGs
[2026-03-27T22:32:21.447+0000] {logging_mixin.py:188} INFO - [2026-03-27T22:32:21.446+0000] {dag.py:3820} INFO - Setting next_dagrun for stock_data_pipeline to 2026-03-27T18:00:00+00:00, run_after=2026-03-30T18:00:00+00:00
[2026-03-27T22:32:21.492+0000] {processor.py:183} INFO - Processing /opt/airflow/dags/stock_pipeline_dag.py took 0.272 seconds
[2026-03-27T22:32:51.961+0000] {processor.py:161} INFO - Started process (PID=469) to work on /opt/airflow/dags/stock_pipeline_dag.py
[2026-03-27T22:32:51.964+0000] {processor.py:830} INFO - Processing file /opt/airflow/dags/stock_pipeline_dag.py for tasks to queue
[2026-03-27T22:32:51.966+0000] {logging_mixin.py:188} INFO - [2026-03-27T22:32:51.966+0000] {dagbag.py:538} INFO - Filling up the DagBag from /opt/airflow/dags/stock_pipeline_dag.py
[2026-03-27T22:32:52.050+0000] {processor.py:840} INFO - DAG(s) 'stock_data_pipeline' retrieved from /opt/airflow/dags/stock_pipeline_dag.py
[2026-03-27T22:32:52.128+0000] {logging_mixin.py:188} INFO - [2026-03-27T22:32:52.128+0000] {dag.py:3033} INFO - Sync 1 DAGs
[2026-03-27T22:32:52.185+0000] {logging_mixin.py:188} INFO - [2026-03-27T22:32:52.185+0000] {dag.py:3820} INFO - Setting next_dagrun for stock_data_pipeline to 2026-03-27T18:00:00+00:00, run_after=2026-03-30T18:00:00+00:00
[2026-03-27T22:32:52.234+0000] {processor.py:183} INFO - Processing /opt/airflow/dags/stock_pipeline_dag.py took 0.280 seconds
[2026-03-27T22:33:22.684+0000] {processor.py:161} INFO - Started process (PID=474) to work on /opt/airflow/dags/stock_pipeline_dag.py
[2026-03-27T22:33:22.688+0000] {processor.py:830} INFO - Processing file /opt/airflow/dags/stock_pipeline_dag.py for tasks to queue
[2026-03-27T22:33:22.692+0000] {logging_mixin.py:188} INFO - [2026-03-27T22:33:22.691+0000] {dagbag.py:538} INFO - Filling up the DagBag from /opt/airflow/dags/stock_pipeline_dag.py
[2026-03-27T22:33:22.779+0000] {processor.py:840} INFO - DAG(s) 'stock_data_pipeline' retrieved from /opt/airflow/dags/stock_pipeline_dag.py
[2026-03-27T22:33:22.875+0000] {logging_mixin.py:188} INFO - [2026-03-27T22:33:22.875+0000] {dag.py:3033} INFO - Sync 1 DAGs
[2026-03-27T22:33:22.944+0000] {logging_mixin.py:188} INFO - [2026-03-27T22:33:22.944+0000] {dag.py:3820} INFO - Setting next_dagrun for stock_data_pipeline to 2026-03-27T18:00:00+00:00, run_after=2026-03-30T18:00:00+00:00
[2026-03-27T22:33:23.003+0000] {processor.py:183} INFO - Processing /opt/airflow/dags/stock_pipeline_dag.py took 0.333 seconds
[2026-03-27T22:33:53.422+0000] {processor.py:161} INFO - Started process (PID=479) to work on /opt/airflow/dags/stock_pipeline_dag.py
[2026-03-27T22:33:53.426+0000] {processor.py:830} INFO - Processing file /opt/airflow/dags/stock_pipeline_dag.py for tasks to queue
[2026-03-27T22:33:53.429+0000] {logging_mixin.py:188} INFO - [2026-03-27T22:33:53.428+0000] {dagbag.py:538} INFO - Filling up the DagBag from /opt/airflow/dags/stock_pipeline_dag.py
[2026-03-27T22:33:53.508+0000] {processor.py:840} INFO - DAG(s) 'stock_data_pipeline' retrieved from /opt/airflow/dags/stock_pipeline_dag.py
[2026-03-27T22:33:53.597+0000] {logging_mixin.py:188} INFO - [2026-03-27T22:33:53.597+0000] {dag.py:3033} INFO - Sync 1 DAGs
[2026-03-27T22:33:53.686+0000] {logging_mixin.py:188} INFO - [2026-03-27T22:33:53.685+0000] {dag.py:3820} INFO - Setting next_dagrun for stock_data_pipeline to 2026-03-27T18:00:00+00:00, run_after=2026-03-30T18:00:00+00:00
[2026-03-27T22:33:53.744+0000] {processor.py:183} INFO - Processing /opt/airflow/dags/stock_pipeline_dag.py took 0.331 seconds
[2026-03-27T22:34:24.183+0000] {processor.py:161} INFO - Started process (PID=484) to work on /opt/airflow/dags/stock_pipeline_dag.py
[2026-03-27T22:34:24.202+0000] {processor.py:830} INFO - Processing file /opt/airflow/dags/stock_pipeline_dag.py for tasks to queue
[2026-03-27T22:34:24.206+0000] {logging_mixin.py:188} INFO - [2026-03-27T22:34:24.205+0000] {dagbag.py:538} INFO - Filling up the DagBag from /opt/airflow/dags/stock_pipeline_dag.py
[2026-03-27T22:34:24.292+0000] {processor.py:840} INFO - DAG(s) 'stock_data_pipeline' retrieved from /opt/airflow/dags/stock_pipeline_dag.py
[2026-03-27T22:34:24.378+0000] {logging_mixin.py:188} INFO - [2026-03-27T22:34:24.378+0000] {dag.py:3033} INFO - Sync 1 DAGs
[2026-03-27T22:34:24.488+0000] {logging_mixin.py:188} INFO - [2026-03-27T22:34:24.487+0000] {dag.py:3820} INFO - Setting next_dagrun for stock_data_pipeline to 2026-03-27T18:00:00+00:00, run_after=2026-03-30T18:00:00+00:00
[2026-03-27T22:34:24.545+0000] {processor.py:183} INFO - Processing /opt/airflow/dags/stock_pipeline_dag.py took 0.376 seconds
[2026-03-27T22:34:54.767+0000] {processor.py:161} INFO - Started process (PID=489) to work on /opt/airflow/dags/stock_pipeline_dag.py
[2026-03-27T22:34:54.772+0000] {processor.py:830} INFO - Processing file /opt/airflow/dags/stock_pipeline_dag.py for tasks to queue
[2026-03-27T22:34:54.774+0000] {logging_mixin.py:188} INFO - [2026-03-27T22:34:54.774+0000] {dagbag.py:538} INFO - Filling up the DagBag from /opt/airflow/dags/stock_pipeline_dag.py
[2026-03-27T22:34:54.843+0000] {processor.py:840} INFO - DAG(s) 'stock_data_pipeline' retrieved from /opt/airflow/dags/stock_pipeline_dag.py
[2026-03-27T22:34:54.923+0000] {logging_mixin.py:188} INFO - [2026-03-27T22:34:54.922+0000] {dag.py:3033} INFO - Sync 1 DAGs
[2026-03-27T22:34:55.013+0000] {logging_mixin.py:188} INFO - [2026-03-27T22:34:55.012+0000] {dag.py:3820} INFO - Setting next_dagrun for stock_data_pipeline to 2026-03-27T18:00:00+00:00, run_after=2026-03-30T18:00:00+00:00
[2026-03-27T22:34:55.077+0000] {processor.py:183} INFO - Processing /opt/airflow/dags/stock_pipeline_dag.py took 0.317 seconds
[2026-03-27T22:35:25.319+0000] {processor.py:161} INFO - Started process (PID=494) to work on /opt/airflow/dags/stock_pipeline_dag.py
[2026-03-27T22:35:25.322+0000] {processor.py:830} INFO - Processing file /opt/airflow/dags/stock_pipeline_dag.py for tasks to queue
[2026-03-27T22:35:25.325+0000] {logging_mixin.py:188} INFO - [2026-03-27T22:35:25.324+0000] {dagbag.py:538} INFO - Filling up the DagBag from /opt/airflow/dags/stock_pipeline_dag.py
[2026-03-27T22:35:25.390+0000] {processor.py:840} INFO - DAG(s) 'stock_data_pipeline' retrieved from /opt/airflow/dags/stock_pipeline_dag.py
[2026-03-27T22:35:25.472+0000] {logging_mixin.py:188} INFO - [2026-03-27T22:35:25.472+0000] {dag.py:3033} INFO - Sync 1 DAGs
[2026-03-27T22:35:25.532+0000] {logging_mixin.py:188} INFO - [2026-03-27T22:35:25.531+0000] {dag.py:3820} INFO - Setting next_dagrun for stock_data_pipeline to 2026-03-27T18:00:00+00:00, run_after=2026-03-30T18:00:00+00:00
[2026-03-27T22:35:25.582+0000] {processor.py:183} INFO - Processing /opt/airflow/dags/stock_pipeline_dag.py took 0.271 seconds
[2026-03-27T22:35:55.902+0000] {processor.py:161} INFO - Started process (PID=499) to work on /opt/airflow/dags/stock_pipeline_dag.py
[2026-03-27T22:35:55.905+0000] {processor.py:830} INFO - Processing file /opt/airflow/dags/stock_pipeline_dag.py for tasks to queue
[2026-03-27T22:35:55.908+0000] {logging_mixin.py:188} INFO - [2026-03-27T22:35:55.908+0000] {dagbag.py:538} INFO - Filling up the DagBag from /opt/airflow/dags/stock_pipeline_dag.py
[2026-03-27T22:35:55.989+0000] {processor.py:840} INFO - DAG(s) 'stock_data_pipeline' retrieved from /opt/airflow/dags/stock_pipeline_dag.py
[2026-03-27T22:35:56.079+0000] {logging_mixin.py:188} INFO - [2026-03-27T22:35:56.079+0000] {dag.py:3033} INFO - Sync 1 DAGs
[2026-03-27T22:35:56.145+0000] {logging_mixin.py:188} INFO - [2026-03-27T22:35:56.145+0000] {dag.py:3820} INFO - Setting next_dagrun for stock_data_pipeline to 2026-03-27T18:00:00+00:00, run_after=2026-03-30T18:00:00+00:00
[2026-03-27T22:35:56.196+0000] {processor.py:183} INFO - Processing /opt/airflow/dags/stock_pipeline_dag.py took 0.304 seconds
[2026-03-27T22:36:26.524+0000] {processor.py:161} INFO - Started process (PID=504) to work on /opt/airflow/dags/stock_pipeline_dag.py
[2026-03-27T22:36:26.574+0000] {processor.py:830} INFO - Processing file /opt/airflow/dags/stock_pipeline_dag.py for tasks to queue
[2026-03-27T22:36:26.584+0000] {logging_mixin.py:188} INFO - [2026-03-27T22:36:26.582+0000] {dagbag.py:538} INFO - Filling up the DagBag from /opt/airflow/dags/stock_pipeline_dag.py
[2026-03-27T22:36:27.013+0000] {processor.py:840} INFO - DAG(s) 'stock_data_pipeline' retrieved from /opt/airflow/dags/stock_pipeline_dag.py
[2026-03-27T22:36:27.244+0000] {logging_mixin.py:188} INFO - [2026-03-27T22:36:27.243+0000] {dag.py:3033} INFO - Sync 1 DAGs
[2026-03-27T22:36:27.386+0000] {logging_mixin.py:188} INFO - [2026-03-27T22:36:27.385+0000] {dag.py:3820} INFO - Setting next_dagrun for stock_data_pipeline to 2026-03-27T18:00:00+00:00, run_after=2026-03-30T18:00:00+00:00
[2026-03-27T22:36:27.501+0000] {processor.py:183} INFO - Processing /opt/airflow/dags/stock_pipeline_dag.py took 1.019 seconds
[2026-03-27T22:36:57.833+0000] {processor.py:161} INFO - Started process (PID=509) to work on /opt/airflow/dags/stock_pipeline_dag.py
[2026-03-27T22:36:57.837+0000] {processor.py:830} INFO - Processing file /opt/airflow/dags/stock_pipeline_dag.py for tasks to queue
[2026-03-27T22:36:57.840+0000] {logging_mixin.py:188} INFO - [2026-03-27T22:36:57.839+0000] {dagbag.py:538} INFO - Filling up the DagBag from /opt/airflow/dags/stock_pipeline_dag.py
[2026-03-27T22:36:57.925+0000] {processor.py:840} INFO - DAG(s) 'stock_data_pipeline' retrieved from /opt/airflow/dags/stock_pipeline_dag.py
[2026-03-27T22:36:58.004+0000] {logging_mixin.py:188} INFO - [2026-03-27T22:36:58.004+0000] {dag.py:3033} INFO - Sync 1 DAGs
[2026-03-27T22:36:58.063+0000] {logging_mixin.py:188} INFO - [2026-03-27T22:36:58.063+0000] {dag.py:3820} INFO - Setting next_dagrun for stock_data_pipeline to 2026-03-27T18:00:00+00:00, run_after=2026-03-30T18:00:00+00:00
[2026-03-27T22:36:58.131+0000] {processor.py:183} INFO - Processing /opt/airflow/dags/stock_pipeline_dag.py took 0.308 seconds
[2026-03-27T22:37:28.268+0000] {processor.py:161} INFO - Started process (PID=514) to work on /opt/airflow/dags/stock_pipeline_dag.py
[2026-03-27T22:37:28.272+0000] {processor.py:830} INFO - Processing file /opt/airflow/dags/stock_pipeline_dag.py for tasks to queue
[2026-03-27T22:37:28.275+0000] {logging_mixin.py:188} INFO - [2026-03-27T22:37:28.274+0000] {dagbag.py:538} INFO - Filling up the DagBag from /opt/airflow/dags/stock_pipeline_dag.py
[2026-03-27T22:37:28.349+0000] {processor.py:840} INFO - DAG(s) 'stock_data_pipeline' retrieved from /opt/airflow/dags/stock_pipeline_dag.py
[2026-03-27T22:37:28.430+0000] {logging_mixin.py:188} INFO - [2026-03-27T22:37:28.429+0000] {dag.py:3033} INFO - Sync 1 DAGs
[2026-03-27T22:37:28.507+0000] {logging_mixin.py:188} INFO - [2026-03-27T22:37:28.507+0000] {dag.py:3820} INFO - Setting next_dagrun for stock_data_pipeline to 2026-03-27T18:00:00+00:00, run_after=2026-03-30T18:00:00+00:00
[2026-03-27T22:37:28.555+0000] {processor.py:183} INFO - Processing /opt/airflow/dags/stock_pipeline_dag.py took 0.298 seconds
[2026-03-27T22:37:58.907+0000] {processor.py:161} INFO - Started process (PID=519) to work on /opt/airflow/dags/stock_pipeline_dag.py
[2026-03-27T22:37:58.910+0000] {processor.py:830} INFO - Processing file /opt/airflow/dags/stock_pipeline_dag.py for tasks to queue
[2026-03-27T22:37:58.913+0000] {logging_mixin.py:188} INFO - [2026-03-27T22:37:58.912+0000] {dagbag.py:538} INFO - Filling up the DagBag from /opt/airflow/dags/stock_pipeline_dag.py
[2026-03-27T22:37:58.992+0000] {processor.py:840} INFO - DAG(s) 'stock_data_pipeline' retrieved from /opt/airflow/dags/stock_pipeline_dag.py
[2026-03-27T22:37:59.083+0000] {logging_mixin.py:188} INFO - [2026-03-27T22:37:59.083+0000] {dag.py:3033} INFO - Sync 1 DAGs
[2026-03-27T22:37:59.147+0000] {logging_mixin.py:188} INFO - [2026-03-27T22:37:59.146+0000] {dag.py:3820} INFO - Setting next_dagrun for stock_data_pipeline to 2026-03-27T18:00:00+00:00, run_after=2026-03-30T18:00:00+00:00
[2026-03-27T22:37:59.202+0000] {processor.py:183} INFO - Processing /opt/airflow/dags/stock_pipeline_dag.py took 0.306 seconds
[2026-03-27T22:38:29.631+0000] {processor.py:161} INFO - Started process (PID=524) to work on /opt/airflow/dags/stock_pipeline_dag.py
[2026-03-27T22:38:29.635+0000] {processor.py:830} INFO - Processing file /opt/airflow/dags/stock_pipeline_dag.py for tasks to queue
[2026-03-27T22:38:29.638+0000] {logging_mixin.py:188} INFO - [2026-03-27T22:38:29.637+0000] {dagbag.py:538} INFO - Filling up the DagBag from /opt/airflow/dags/stock_pipeline_dag.py
[2026-03-27T22:38:29.717+0000] {processor.py:840} INFO - DAG(s) 'stock_data_pipeline' retrieved from /opt/airflow/dags/stock_pipeline_dag.py
[2026-03-27T22:38:29.804+0000] {logging_mixin.py:188} INFO - [2026-03-27T22:38:29.804+0000] {dag.py:3033} INFO - Sync 1 DAGs
[2026-03-27T22:38:29.880+0000] {logging_mixin.py:188} INFO - [2026-03-27T22:38:29.880+0000] {dag.py:3820} INFO - Setting next_dagrun for stock_data_pipeline to 2026-03-27T18:00:00+00:00, run_after=2026-03-30T18:00:00+00:00
[2026-03-27T22:38:29.939+0000] {processor.py:183} INFO - Processing /opt/airflow/dags/stock_pipeline_dag.py took 0.317 seconds
[2026-03-27T22:39:00.353+0000] {processor.py:161} INFO - Started process (PID=529) to work on /opt/airflow/dags/stock_pipeline_dag.py
[2026-03-27T22:39:00.355+0000] {processor.py:830} INFO - Processing file /opt/airflow/dags/stock_pipeline_dag.py for tasks to queue
[2026-03-27T22:39:00.358+0000] {logging_mixin.py:188} INFO - [2026-03-27T22:39:00.357+0000] {dagbag.py:538} INFO - Filling up the DagBag from /opt/airflow/dags/stock_pipeline_dag.py
[2026-03-27T22:39:00.426+0000] {processor.py:840} INFO - DAG(s) 'stock_data_pipeline' retrieved from /opt/airflow/dags/stock_pipeline_dag.py
[2026-03-27T22:39:00.501+0000] {logging_mixin.py:188} INFO - [2026-03-27T22:39:00.500+0000] {dag.py:3033} INFO - Sync 1 DAGs
[2026-03-27T22:39:00.563+0000] {logging_mixin.py:188} INFO - [2026-03-27T22:39:00.563+0000] {dag.py:3820} INFO - Setting next_dagrun for stock_data_pipeline to 2026-03-27T18:00:00+00:00, run_after=2026-03-30T18:00:00+00:00
[2026-03-27T22:39:00.623+0000] {processor.py:183} INFO - Processing /opt/airflow/dags/stock_pipeline_dag.py took 0.278 seconds
[2026-03-27T22:39:31.033+0000] {processor.py:161} INFO - Started process (PID=534) to work on /opt/airflow/dags/stock_pipeline_dag.py
[2026-03-27T22:39:31.036+0000] {processor.py:830} INFO - Processing file /opt/airflow/dags/stock_pipeline_dag.py for tasks to queue
[2026-03-27T22:39:31.040+0000] {logging_mixin.py:188} INFO - [2026-03-27T22:39:31.038+0000] {dagbag.py:538} INFO - Filling up the DagBag from /opt/airflow/dags/stock_pipeline_dag.py
[2026-03-27T22:39:31.117+0000] {processor.py:840} INFO - DAG(s) 'stock_data_pipeline' retrieved from /opt/airflow/dags/stock_pipeline_dag.py
[2026-03-27T22:39:31.201+0000] {logging_mixin.py:188} INFO - [2026-03-27T22:39:31.201+0000] {dag.py:3033} INFO - Sync 1 DAGs
[2026-03-27T22:39:31.260+0000] {logging_mixin.py:188} INFO - [2026-03-27T22:39:31.260+0000] {dag.py:3820} INFO - Setting next_dagrun for stock_data_pipeline to 2026-03-27T18:00:00+00:00, run_after=2026-03-30T18:00:00+00:00
[2026-03-27T22:39:31.307+0000] {processor.py:183} INFO - Processing /opt/airflow/dags/stock_pipeline_dag.py took 0.285 seconds
[2026-03-27T22:40:01.752+0000] {processor.py:161} INFO - Started process (PID=539) to work on /opt/airflow/dags/stock_pipeline_dag.py
[2026-03-27T22:40:01.756+0000] {processor.py:830} INFO - Processing file /opt/airflow/dags/stock_pipeline_dag.py for tasks to queue
[2026-03-27T22:40:01.758+0000] {logging_mixin.py:188} INFO - [2026-03-27T22:40:01.758+0000] {dagbag.py:538} INFO - Filling up the DagBag from /opt/airflow/dags/stock_pipeline_dag.py
[2026-03-27T22:40:01.832+0000] {processor.py:840} INFO - DAG(s) 'stock_data_pipeline' retrieved from /opt/airflow/dags/stock_pipeline_dag.py
[2026-03-27T22:40:01.917+0000] {logging_mixin.py:188} INFO - [2026-03-27T22:40:01.916+0000] {dag.py:3033} INFO - Sync 1 DAGs
[2026-03-27T22:40:01.981+0000] {logging_mixin.py:188} INFO - [2026-03-27T22:40:01.981+0000] {dag.py:3820} INFO - Setting next_dagrun for stock_data_pipeline to 2026-03-27T18:00:00+00:00, run_after=2026-03-30T18:00:00+00:00
[2026-03-27T22:40:02.036+0000] {processor.py:183} INFO - Processing /opt/airflow/dags/stock_pipeline_dag.py took 0.291 seconds
[2026-03-27T22:40:32.468+0000] {processor.py:161} INFO - Started process (PID=544) to work on /opt/airflow/dags/stock_pipeline_dag.py
[2026-03-27T22:40:32.471+0000] {processor.py:830} INFO - Processing file /opt/airflow/dags/stock_pipeline_dag.py for tasks to queue
[2026-03-27T22:40:32.474+0000] {logging_mixin.py:188} INFO - [2026-03-27T22:40:32.473+0000] {dagbag.py:538} INFO - Filling up the DagBag from /opt/airflow/dags/stock_pipeline_dag.py
[2026-03-27T22:40:32.545+0000] {processor.py:840} INFO - DAG(s) 'stock_data_pipeline' retrieved from /opt/airflow/dags/stock_pipeline_dag.py
[2026-03-27T22:40:32.617+0000] {logging_mixin.py:188} INFO - [2026-03-27T22:40:32.617+0000] {dag.py:3033} INFO - Sync 1 DAGs
[2026-03-27T22:40:32.673+0000] {logging_mixin.py:188} INFO - [2026-03-27T22:40:32.673+0000] {dag.py:3820} INFO - Setting next_dagrun for stock_data_pipeline to 2026-03-27T18:00:00+00:00, run_after=2026-03-30T18:00:00+00:00
[2026-03-27T22:40:32.723+0000] {processor.py:183} INFO - Processing /opt/airflow/dags/stock_pipeline_dag.py took 0.264 seconds
[2026-03-27T22:41:03.206+0000] {processor.py:161} INFO - Started process (PID=549) to work on /opt/airflow/dags/stock_pipeline_dag.py
[2026-03-27T22:41:03.209+0000] {processor.py:830} INFO - Processing file /opt/airflow/dags/stock_pipeline_dag.py for tasks to queue
[2026-03-27T22:41:03.213+0000] {logging_mixin.py:188} INFO - [2026-03-27T22:41:03.211+0000] {dagbag.py:538} INFO - Filling up the DagBag from /opt/airflow/dags/stock_pipeline_dag.py
[2026-03-27T22:41:03.368+0000] {processor.py:840} INFO - DAG(s) 'stock_data_pipeline' retrieved from /opt/airflow/dags/stock_pipeline_dag.py
[2026-03-27T22:41:03.482+0000] {logging_mixin.py:188} INFO - [2026-03-27T22:41:03.482+0000] {dag.py:3033} INFO - Sync 1 DAGs
[2026-03-27T22:41:03.558+0000] {logging_mixin.py:188} INFO - [2026-03-27T22:41:03.558+0000] {dag.py:3820} INFO - Setting next_dagrun for stock_data_pipeline to 2026-03-27T18:00:00+00:00, run_after=2026-03-30T18:00:00+00:00
[2026-03-27T22:41:03.610+0000] {processor.py:183} INFO - Processing /opt/airflow/dags/stock_pipeline_dag.py took 0.414 seconds
[2026-03-27T22:41:34.011+0000] {processor.py:161} INFO - Started process (PID=554) to work on /opt/airflow/dags/stock_pipeline_dag.py
[2026-03-27T22:41:34.014+0000] {processor.py:830} INFO - Processing file /opt/airflow/dags/stock_pipeline_dag.py for tasks to queue
[2026-03-27T22:41:34.017+0000] {logging_mixin.py:188} INFO - [2026-03-27T22:41:34.016+0000] {dagbag.py:538} INFO - Filling up the DagBag from /opt/airflow/dags/stock_pipeline_dag.py
[2026-03-27T22:41:34.079+0000] {processor.py:840} INFO - DAG(s) 'stock_data_pipeline' retrieved from /opt/airflow/dags/stock_pipeline_dag.py
[2026-03-27T22:41:34.158+0000] {logging_mixin.py:188} INFO - [2026-03-27T22:41:34.157+0000] {dag.py:3033} INFO - Sync 1 DAGs
[2026-03-27T22:41:34.215+0000] {logging_mixin.py:188} INFO - [2026-03-27T22:41:34.215+0000] {dag.py:3820} INFO - Setting next_dagrun for stock_data_pipeline to 2026-03-27T18:00:00+00:00, run_after=2026-03-30T18:00:00+00:00
[2026-03-27T22:41:34.267+0000] {processor.py:183} INFO - Processing /opt/airflow/dags/stock_pipeline_dag.py took 0.266 seconds
[2026-03-27T22:42:04.680+0000] {processor.py:161} INFO - Started process (PID=559) to work on /opt/airflow/dags/stock_pipeline_dag.py
[2026-03-27T22:42:04.683+0000] {processor.py:830} INFO - Processing file /opt/airflow/dags/stock_pipeline_dag.py for tasks to queue
[2026-03-27T22:42:04.685+0000] {logging_mixin.py:188} INFO - [2026-03-27T22:42:04.685+0000] {dagbag.py:538} INFO - Filling up the DagBag from /opt/airflow/dags/stock_pipeline_dag.py
[2026-03-27T22:42:04.749+0000] {processor.py:840} INFO - DAG(s) 'stock_data_pipeline' retrieved from /opt/airflow/dags/stock_pipeline_dag.py
[2026-03-27T22:42:04.849+0000] {logging_mixin.py:188} INFO - [2026-03-27T22:42:04.848+0000] {dag.py:3033} INFO - Sync 1 DAGs
[2026-03-27T22:42:04.911+0000] {logging_mixin.py:188} INFO - [2026-03-27T22:42:04.910+0000] {dag.py:3820} INFO - Setting next_dagrun for stock_data_pipeline to 2026-03-27T18:00:00+00:00, run_after=2026-03-30T18:00:00+00:00
[2026-03-27T22:42:04.957+0000] {processor.py:183} INFO - Processing /opt/airflow/dags/stock_pipeline_dag.py took 0.286 seconds
[2026-03-27T22:42:35.343+0000] {processor.py:161} INFO - Started process (PID=564) to work on /opt/airflow/dags/stock_pipeline_dag.py
[2026-03-27T22:42:35.346+0000] {processor.py:830} INFO - Processing file /opt/airflow/dags/stock_pipeline_dag.py for tasks to queue
[2026-03-27T22:42:35.348+0000] {logging_mixin.py:188} INFO - [2026-03-27T22:42:35.347+0000] {dagbag.py:538} INFO - Filling up the DagBag from /opt/airflow/dags/stock_pipeline_dag.py
[2026-03-27T22:42:35.410+0000] {processor.py:840} INFO - DAG(s) 'stock_data_pipeline' retrieved from /opt/airflow/dags/stock_pipeline_dag.py
[2026-03-27T22:42:35.494+0000] {logging_mixin.py:188} INFO - [2026-03-27T22:42:35.493+0000] {dag.py:3033} INFO - Sync 1 DAGs
[2026-03-27T22:42:35.555+0000] {logging_mixin.py:188} INFO - [2026-03-27T22:42:35.554+0000] {dag.py:3820} INFO - Setting next_dagrun for stock_data_pipeline to 2026-03-27T18:00:00+00:00, run_after=2026-03-30T18:00:00+00:00
[2026-03-27T22:42:35.612+0000] {processor.py:183} INFO - Processing /opt/airflow/dags/stock_pipeline_dag.py took 0.277 seconds
[2026-03-27T22:43:06.013+0000] {processor.py:161} INFO - Started process (PID=569) to work on /opt/airflow/dags/stock_pipeline_dag.py
[2026-03-27T22:43:06.016+0000] {processor.py:830} INFO - Processing file /opt/airflow/dags/stock_pipeline_dag.py for tasks to queue
[2026-03-27T22:43:06.018+0000] {logging_mixin.py:188} INFO - [2026-03-27T22:43:06.017+0000] {dagbag.py:538} INFO - Filling up the DagBag from /opt/airflow/dags/stock_pipeline_dag.py
[2026-03-27T22:43:06.089+0000] {processor.py:840} INFO - DAG(s) 'stock_data_pipeline' retrieved from /opt/airflow/dags/stock_pipeline_dag.py
[2026-03-27T22:43:06.174+0000] {logging_mixin.py:188} INFO - [2026-03-27T22:43:06.173+0000] {dag.py:3033} INFO - Sync 1 DAGs
[2026-03-27T22:43:06.235+0000] {logging_mixin.py:188} INFO - [2026-03-27T22:43:06.235+0000] {dag.py:3820} INFO - Setting next_dagrun for stock_data_pipeline to 2026-03-27T18:00:00+00:00, run_after=2026-03-30T18:00:00+00:00
[2026-03-27T22:43:06.290+0000] {processor.py:183} INFO - Processing /opt/airflow/dags/stock_pipeline_dag.py took 0.287 seconds
[2026-03-27T22:43:36.685+0000] {processor.py:161} INFO - Started process (PID=574) to work on /opt/airflow/dags/stock_pipeline_dag.py
[2026-03-27T22:43:36.689+0000] {processor.py:830} INFO - Processing file /opt/airflow/dags/stock_pipeline_dag.py for tasks to queue
[2026-03-27T22:43:36.692+0000] {logging_mixin.py:188} INFO - [2026-03-27T22:43:36.691+0000] {dagbag.py:538} INFO - Filling up the DagBag from /opt/airflow/dags/stock_pipeline_dag.py
[2026-03-27T22:43:36.765+0000] {processor.py:840} INFO - DAG(s) 'stock_data_pipeline' retrieved from /opt/airflow/dags/stock_pipeline_dag.py
[2026-03-27T22:43:36.845+0000] {logging_mixin.py:188} INFO - [2026-03-27T22:43:36.844+0000] {dag.py:3033} INFO - Sync 1 DAGs
[2026-03-27T22:43:36.903+0000] {logging_mixin.py:188} INFO - [2026-03-27T22:43:36.903+0000] {dag.py:3820} INFO - Setting next_dagrun for stock_data_pipeline to 2026-03-27T18:00:00+00:00, run_after=2026-03-30T18:00:00+00:00
[2026-03-27T22:43:36.954+0000] {processor.py:183} INFO - Processing /opt/airflow/dags/stock_pipeline_dag.py took 0.279 seconds
[2026-03-27T22:44:07.075+0000] {processor.py:161} INFO - Started process (PID=579) to work on /opt/airflow/dags/stock_pipeline_dag.py
[2026-03-27T22:44:07.078+0000] {processor.py:830} INFO - Processing file /opt/airflow/dags/stock_pipeline_dag.py for tasks to queue
[2026-03-27T22:44:07.080+0000] {logging_mixin.py:188} INFO - [2026-03-27T22:44:07.079+0000] {dagbag.py:538} INFO - Filling up the DagBag from /opt/airflow/dags/stock_pipeline_dag.py
[2026-03-27T22:44:07.143+0000] {processor.py:840} INFO - DAG(s) 'stock_data_pipeline' retrieved from /opt/airflow/dags/stock_pipeline_dag.py
[2026-03-27T22:44:07.220+0000] {logging_mixin.py:188} INFO - [2026-03-27T22:44:07.220+0000] {dag.py:3033} INFO - Sync 1 DAGs
[2026-03-27T22:44:07.278+0000] {logging_mixin.py:188} INFO - [2026-03-27T22:44:07.278+0000] {dag.py:3820} INFO - Setting next_dagrun for stock_data_pipeline to 2026-03-27T18:00:00+00:00, run_after=2026-03-30T18:00:00+00:00
[2026-03-27T22:44:07.328+0000] {processor.py:183} INFO - Processing /opt/airflow/dags/stock_pipeline_dag.py took 0.261 seconds
[2026-03-27T22:44:37.673+0000] {processor.py:161} INFO - Started process (PID=584) to work on /opt/airflow/dags/stock_pipeline_dag.py
[2026-03-27T22:44:37.676+0000] {processor.py:830} INFO - Processing file /opt/airflow/dags/stock_pipeline_dag.py for tasks to queue
[2026-03-27T22:44:37.679+0000] {logging_mixin.py:188} INFO - [2026-03-27T22:44:37.678+0000] {dagbag.py:538} INFO - Filling up the DagBag from /opt/airflow/dags/stock_pipeline_dag.py
[2026-03-27T22:44:37.765+0000] {processor.py:840} INFO - DAG(s) 'stock_data_pipeline' retrieved from /opt/airflow/dags/stock_pipeline_dag.py
[2026-03-27T22:44:37.850+0000] {logging_mixin.py:188} INFO - [2026-03-27T22:44:37.850+0000] {dag.py:3033} INFO - Sync 1 DAGs
[2026-03-27T22:44:37.916+0000] {logging_mixin.py:188} INFO - [2026-03-27T22:44:37.916+0000] {dag.py:3820} INFO - Setting next_dagrun for stock_data_pipeline to 2026-03-27T18:00:00+00:00, run_after=2026-03-30T18:00:00+00:00
[2026-03-27T22:44:37.964+0000] {processor.py:183} INFO - Processing /opt/airflow/dags/stock_pipeline_dag.py took 0.303 seconds
[2026-03-27T22:45:08.291+0000] {processor.py:161} INFO - Started process (PID=589) to work on /opt/airflow/dags/stock_pipeline_dag.py
[2026-03-27T22:45:08.294+0000] {processor.py:830} INFO - Processing file /opt/airflow/dags/stock_pipeline_dag.py for tasks to queue
[2026-03-27T22:45:08.297+0000] {logging_mixin.py:188} INFO - [2026-03-27T22:45:08.296+0000] {dagbag.py:538} INFO - Filling up the DagBag from /opt/airflow/dags/stock_pipeline_dag.py
[2026-03-27T22:45:08.372+0000] {processor.py:840} INFO - DAG(s) 'stock_data_pipeline' retrieved from /opt/airflow/dags/stock_pipeline_dag.py
[2026-03-27T22:45:08.456+0000] {logging_mixin.py:188} INFO - [2026-03-27T22:45:08.456+0000] {dag.py:3033} INFO - Sync 1 DAGs
[2026-03-27T22:45:08.525+0000] {logging_mixin.py:188} INFO - [2026-03-27T22:45:08.525+0000] {dag.py:3820} INFO - Setting next_dagrun for stock_data_pipeline to 2026-03-27T18:00:00+00:00, run_after=2026-03-30T18:00:00+00:00
[2026-03-27T22:45:08.579+0000] {processor.py:183} INFO - Processing /opt/airflow/dags/stock_pipeline_dag.py took 0.299 seconds
[2026-03-27T22:46:04.346+0000] {processor.py:161} INFO - Started process (PID=594) to work on /opt/airflow/dags/stock_pipeline_dag.py
[2026-03-27T22:46:04.349+0000] {processor.py:830} INFO - Processing file /opt/airflow/dags/stock_pipeline_dag.py for tasks to queue
[2026-03-27T22:46:04.352+0000] {logging_mixin.py:188} INFO - [2026-03-27T22:46:04.351+0000] {dagbag.py:538} INFO - Filling up the DagBag from /opt/airflow/dags/stock_pipeline_dag.py
[2026-03-27T22:46:04.427+0000] {processor.py:840} INFO - DAG(s) 'stock_data_pipeline' retrieved from /opt/airflow/dags/stock_pipeline_dag.py
[2026-03-27T22:46:04.527+0000] {logging_mixin.py:188} INFO - [2026-03-27T22:46:04.526+0000] {dag.py:3033} INFO - Sync 1 DAGs
[2026-03-27T22:46:04.671+0000] {logging_mixin.py:188} INFO - [2026-03-27T22:46:04.670+0000] {dag.py:3820} INFO - Setting next_dagrun for stock_data_pipeline to 2026-03-27T18:00:00+00:00, run_after=2026-03-30T18:00:00+00:00
[2026-03-27T22:46:04.764+0000] {processor.py:183} INFO - Processing /opt/airflow/dags/stock_pipeline_dag.py took 0.427 seconds
[2026-03-27T22:46:35.174+0000] {processor.py:161} INFO - Started process (PID=601) to work on /opt/airflow/dags/stock_pipeline_dag.py
[2026-03-27T22:46:35.178+0000] {processor.py:830} INFO - Processing file /opt/airflow/dags/stock_pipeline_dag.py for tasks to queue
[2026-03-27T22:46:35.184+0000] {logging_mixin.py:188} INFO - [2026-03-27T22:46:35.183+0000] {dagbag.py:538} INFO - Filling up the DagBag from /opt/airflow/dags/stock_pipeline_dag.py
[2026-03-27T22:46:35.330+0000] {processor.py:840} INFO - DAG(s) 'stock_data_pipeline' retrieved from /opt/airflow/dags/stock_pipeline_dag.py
[2026-03-27T22:46:35.458+0000] {logging_mixin.py:188} INFO - [2026-03-27T22:46:35.458+0000] {dag.py:3033} INFO - Sync 1 DAGs
[2026-03-27T22:46:35.526+0000] {logging_mixin.py:188} INFO - [2026-03-27T22:46:35.525+0000] {dag.py:3820} INFO - Setting next_dagrun for stock_data_pipeline to 2026-03-27T18:00:00+00:00, run_after=2026-03-30T18:00:00+00:00
[2026-03-27T22:46:35.579+0000] {processor.py:183} INFO - Processing /opt/airflow/dags/stock_pipeline_dag.py took 0.414 seconds
[2026-03-27T22:47:06.035+0000] {processor.py:161} INFO - Started process (PID=606) to work on /opt/airflow/dags/stock_pipeline_dag.py
[2026-03-27T22:47:06.039+0000] {processor.py:830} INFO - Processing file /opt/airflow/dags/stock_pipeline_dag.py for tasks to queue
[2026-03-27T22:47:06.043+0000] {logging_mixin.py:188} INFO - [2026-03-27T22:47:06.042+0000] {dagbag.py:538} INFO - Filling up the DagBag from /opt/airflow/dags/stock_pipeline_dag.py
[2026-03-27T22:47:06.128+0000] {processor.py:840} INFO - DAG(s) 'stock_data_pipeline' retrieved from /opt/airflow/dags/stock_pipeline_dag.py
[2026-03-27T22:47:06.225+0000] {logging_mixin.py:188} INFO - [2026-03-27T22:47:06.224+0000] {dag.py:3033} INFO - Sync 1 DAGs
[2026-03-27T22:47:06.293+0000] {logging_mixin.py:188} INFO - [2026-03-27T22:47:06.293+0000] {dag.py:3820} INFO - Setting next_dagrun for stock_data_pipeline to 2026-03-27T18:00:00+00:00, run_after=2026-03-30T18:00:00+00:00
[2026-03-27T22:47:06.345+0000] {processor.py:183} INFO - Processing /opt/airflow/dags/stock_pipeline_dag.py took 0.323 seconds
[2026-03-27T22:47:36.766+0000] {processor.py:161} INFO - Started process (PID=611) to work on /opt/airflow/dags/stock_pipeline_dag.py
[2026-03-27T22:47:36.769+0000] {processor.py:830} INFO - Processing file /opt/airflow/dags/stock_pipeline_dag.py for tasks to queue
[2026-03-27T22:47:36.771+0000] {logging_mixin.py:188} INFO - [2026-03-27T22:47:36.771+0000] {dagbag.py:538} INFO - Filling up the DagBag from /opt/airflow/dags/stock_pipeline_dag.py
[2026-03-27T22:47:36.842+0000] {processor.py:840} INFO - DAG(s) 'stock_data_pipeline' retrieved from /opt/airflow/dags/stock_pipeline_dag.py
[2026-03-27T22:47:36.923+0000] {logging_mixin.py:188} INFO - [2026-03-27T22:47:36.923+0000] {dag.py:3033} INFO - Sync 1 DAGs
[2026-03-27T22:47:36.991+0000] {logging_mixin.py:188} INFO - [2026-03-27T22:47:36.990+0000] {dag.py:3820} INFO - Setting next_dagrun for stock_data_pipeline to 2026-03-27T18:00:00+00:00, run_after=2026-03-30T18:00:00+00:00
[2026-03-27T22:47:37.054+0000] {processor.py:183} INFO - Processing /opt/airflow/dags/stock_pipeline_dag.py took 0.297 seconds
[2026-03-27T22:48:07.456+0000] {processor.py:161} INFO - Started process (PID=616) to work on /opt/airflow/dags/stock_pipeline_dag.py
[2026-03-27T22:48:07.459+0000] {processor.py:830} INFO - Processing file /opt/airflow/dags/stock_pipeline_dag.py for tasks to queue
[2026-03-27T22:48:07.462+0000] {logging_mixin.py:188} INFO - [2026-03-27T22:48:07.462+0000] {dagbag.py:538} INFO - Filling up the DagBag from /opt/airflow/dags/stock_pipeline_dag.py
[2026-03-27T22:48:07.542+0000] {processor.py:840} INFO - DAG(s) 'stock_data_pipeline' retrieved from /opt/airflow/dags/stock_pipeline_dag.py
[2026-03-27T22:48:07.635+0000] {logging_mixin.py:188} INFO - [2026-03-27T22:48:07.635+0000] {dag.py:3033} INFO - Sync 1 DAGs
[2026-03-27T22:48:07.702+0000] {logging_mixin.py:188} INFO - [2026-03-27T22:48:07.702+0000] {dag.py:3820} INFO - Setting next_dagrun for stock_data_pipeline to 2026-03-27T18:00:00+00:00, run_after=2026-03-30T18:00:00+00:00
[2026-03-27T22:48:07.757+0000] {processor.py:183} INFO - Processing /opt/airflow/dags/stock_pipeline_dag.py took 0.309 seconds
[2026-03-27T22:48:38.173+0000] {processor.py:161} INFO - Started process (PID=621) to work on /opt/airflow/dags/stock_pipeline_dag.py
[2026-03-27T22:48:38.176+0000] {processor.py:830} INFO - Processing file /opt/airflow/dags/stock_pipeline_dag.py for tasks to queue
[2026-03-27T22:48:38.180+0000] {logging_mixin.py:188} INFO - [2026-03-27T22:48:38.179+0000] {dagbag.py:538} INFO - Filling up the DagBag from /opt/airflow/dags/stock_pipeline_dag.py
[2026-03-27T22:48:38.256+0000] {processor.py:840} INFO - DAG(s) 'stock_data_pipeline' retrieved from /opt/airflow/dags/stock_pipeline_dag.py
[2026-03-27T22:48:38.352+0000] {logging_mixin.py:188} INFO - [2026-03-27T22:48:38.351+0000] {dag.py:3033} INFO - Sync 1 DAGs
[2026-03-27T22:48:38.427+0000] {logging_mixin.py:188} INFO - [2026-03-27T22:48:38.427+0000] {dag.py:3820} INFO - Setting next_dagrun for stock_data_pipeline to 2026-03-27T18:00:00+00:00, run_after=2026-03-30T18:00:00+00:00
[2026-03-27T22:48:38.484+0000] {processor.py:183} INFO - Processing /opt/airflow/dags/stock_pipeline_dag.py took 0.320 seconds
[2026-03-27T22:49:08.898+0000] {processor.py:161} INFO - Started process (PID=626) to work on /opt/airflow/dags/stock_pipeline_dag.py
[2026-03-27T22:49:08.901+0000] {processor.py:830} INFO - Processing file /opt/airflow/dags/stock_pipeline_dag.py for tasks to queue
[2026-03-27T22:49:08.905+0000] {logging_mixin.py:188} INFO - [2026-03-27T22:49:08.904+0000] {dagbag.py:538} INFO - Filling up the DagBag from /opt/airflow/dags/stock_pipeline_dag.py
[2026-03-27T22:49:08.992+0000] {processor.py:840} INFO - DAG(s) 'stock_data_pipeline' retrieved from /opt/airflow/dags/stock_pipeline_dag.py
[2026-03-27T22:49:09.088+0000] {logging_mixin.py:188} INFO - [2026-03-27T22:49:09.087+0000] {dag.py:3033} INFO - Sync 1 DAGs
[2026-03-27T22:49:09.157+0000] {logging_mixin.py:188} INFO - [2026-03-27T22:49:09.157+0000] {dag.py:3820} INFO - Setting next_dagrun for stock_data_pipeline to 2026-03-27T18:00:00+00:00, run_after=2026-03-30T18:00:00+00:00
[2026-03-27T22:49:09.208+0000] {processor.py:183} INFO - Processing /opt/airflow/dags/stock_pipeline_dag.py took 0.320 seconds
[2026-03-27T22:49:39.618+0000] {processor.py:161} INFO - Started process (PID=631) to work on /opt/airflow/dags/stock_pipeline_dag.py
[2026-03-27T22:49:39.621+0000] {processor.py:830} INFO - Processing file /opt/airflow/dags/stock_pipeline_dag.py for tasks to queue
[2026-03-27T22:49:39.623+0000] {logging_mixin.py:188} INFO - [2026-03-27T22:49:39.622+0000] {dagbag.py:538} INFO - Filling up the DagBag from /opt/airflow/dags/stock_pipeline_dag.py
[2026-03-27T22:49:39.689+0000] {processor.py:840} INFO - DAG(s) 'stock_data_pipeline' retrieved from /opt/airflow/dags/stock_pipeline_dag.py
[2026-03-27T22:49:39.767+0000] {logging_mixin.py:188} INFO - [2026-03-27T22:49:39.767+0000] {dag.py:3033} INFO - Sync 1 DAGs
[2026-03-27T22:49:39.822+0000] {logging_mixin.py:188} INFO - [2026-03-27T22:49:39.821+0000] {dag.py:3820} INFO - Setting next_dagrun for stock_data_pipeline to 2026-03-27T18:00:00+00:00, run_after=2026-03-30T18:00:00+00:00
[2026-03-27T22:49:39.875+0000] {processor.py:183} INFO - Processing /opt/airflow/dags/stock_pipeline_dag.py took 0.265 seconds
[2026-03-27T22:50:10.036+0000] {processor.py:161} INFO - Started process (PID=636) to work on /opt/airflow/dags/stock_pipeline_dag.py
[2026-03-27T22:50:10.040+0000] {processor.py:830} INFO - Processing file /opt/airflow/dags/stock_pipeline_dag.py for tasks to queue
[2026-03-27T22:50:10.050+0000] {logging_mixin.py:188} INFO - [2026-03-27T22:50:10.042+0000] {dagbag.py:538} INFO - Filling up the DagBag from /opt/airflow/dags/stock_pipeline_dag.py
[2026-03-27T22:50:10.144+0000] {processor.py:840} INFO - DAG(s) 'stock_data_pipeline' retrieved from /opt/airflow/dags/stock_pipeline_dag.py
[2026-03-27T22:50:10.238+0000] {logging_mixin.py:188} INFO - [2026-03-27T22:50:10.238+0000] {dag.py:3033} INFO - Sync 1 DAGs
[2026-03-27T22:50:10.314+0000] {logging_mixin.py:188} INFO - [2026-03-27T22:50:10.313+0000] {dag.py:3820} INFO - Setting next_dagrun for stock_data_pipeline to 2026-03-27T18:00:00+00:00, run_after=2026-03-30T18:00:00+00:00
[2026-03-27T22:50:10.369+0000] {processor.py:183} INFO - Processing /opt/airflow/dags/stock_pipeline_dag.py took 0.351 seconds
[2026-03-27T22:50:40.595+0000] {processor.py:161} INFO - Started process (PID=641) to work on /opt/airflow/dags/stock_pipeline_dag.py
[2026-03-27T22:50:40.598+0000] {processor.py:830} INFO - Processing file /opt/airflow/dags/stock_pipeline_dag.py for tasks to queue
[2026-03-27T22:50:40.600+0000] {logging_mixin.py:188} INFO - [2026-03-27T22:50:40.600+0000] {dagbag.py:538} INFO - Filling up the DagBag from /opt/airflow/dags/stock_pipeline_dag.py
[2026-03-27T22:50:40.668+0000] {processor.py:840} INFO - DAG(s) 'stock_data_pipeline' retrieved from /opt/airflow/dags/stock_pipeline_dag.py
[2026-03-27T22:50:40.743+0000] {logging_mixin.py:188} INFO - [2026-03-27T22:50:40.743+0000] {dag.py:3033} INFO - Sync 1 DAGs
[2026-03-27T22:50:40.802+0000] {logging_mixin.py:188} INFO - [2026-03-27T22:50:40.801+0000] {dag.py:3820} INFO - Setting next_dagrun for stock_data_pipeline to 2026-03-27T18:00:00+00:00, run_after=2026-03-30T18:00:00+00:00
[2026-03-27T22:50:40.858+0000] {processor.py:183} INFO - Processing /opt/airflow/dags/stock_pipeline_dag.py took 0.273 seconds
[2026-03-27T22:51:11.163+0000] {processor.py:161} INFO - Started process (PID=646) to work on /opt/airflow/dags/stock_pipeline_dag.py
[2026-03-27T22:51:11.167+0000] {processor.py:830} INFO - Processing file /opt/airflow/dags/stock_pipeline_dag.py for tasks to queue
[2026-03-27T22:51:11.170+0000] {logging_mixin.py:188} INFO - [2026-03-27T22:51:11.169+0000] {dagbag.py:538} INFO - Filling up the DagBag from /opt/airflow/dags/stock_pipeline_dag.py
[2026-03-27T22:51:11.240+0000] {processor.py:840} INFO - DAG(s) 'stock_data_pipeline' retrieved from /opt/airflow/dags/stock_pipeline_dag.py
[2026-03-27T22:51:11.321+0000] {logging_mixin.py:188} INFO - [2026-03-27T22:51:11.321+0000] {dag.py:3033} INFO - Sync 1 DAGs
[2026-03-27T22:51:11.383+0000] {logging_mixin.py:188} INFO - [2026-03-27T22:51:11.383+0000] {dag.py:3820} INFO - Setting next_dagrun for stock_data_pipeline to 2026-03-27T18:00:00+00:00, run_after=2026-03-30T18:00:00+00:00
[2026-03-27T22:51:11.433+0000] {processor.py:183} INFO - Processing /opt/airflow/dags/stock_pipeline_dag.py took 0.280 seconds
[2026-03-27T22:51:41.553+0000] {processor.py:161} INFO - Started process (PID=651) to work on /opt/airflow/dags/stock_pipeline_dag.py
[2026-03-27T22:51:41.557+0000] {processor.py:830} INFO - Processing file /opt/airflow/dags/stock_pipeline_dag.py for tasks to queue
[2026-03-27T22:51:41.560+0000] {logging_mixin.py:188} INFO - [2026-03-27T22:51:41.559+0000] {dagbag.py:538} INFO - Filling up the DagBag from /opt/airflow/dags/stock_pipeline_dag.py
[2026-03-27T22:51:41.629+0000] {processor.py:840} INFO - DAG(s) 'stock_data_pipeline' retrieved from /opt/airflow/dags/stock_pipeline_dag.py
[2026-03-27T22:51:41.706+0000] {logging_mixin.py:188} INFO - [2026-03-27T22:51:41.706+0000] {dag.py:3033} INFO - Sync 1 DAGs
[2026-03-27T22:51:41.765+0000] {logging_mixin.py:188} INFO - [2026-03-27T22:51:41.765+0000] {dag.py:3820} INFO - Setting next_dagrun for stock_data_pipeline to 2026-03-27T18:00:00+00:00, run_after=2026-03-30T18:00:00+00:00
[2026-03-27T22:51:41.817+0000] {processor.py:183} INFO - Processing /opt/airflow/dags/stock_pipeline_dag.py took 0.273 seconds
[2026-03-27T22:52:12.108+0000] {processor.py:161} INFO - Started process (PID=656) to work on /opt/airflow/dags/stock_pipeline_dag.py
[2026-03-27T22:52:12.111+0000] {processor.py:830} INFO - Processing file /opt/airflow/dags/stock_pipeline_dag.py for tasks to queue
[2026-03-27T22:52:12.115+0000] {logging_mixin.py:188} INFO - [2026-03-27T22:52:12.114+0000] {dagbag.py:538} INFO - Filling up the DagBag from /opt/airflow/dags/stock_pipeline_dag.py
[2026-03-27T22:52:12.186+0000] {processor.py:840} INFO - DAG(s) 'stock_data_pipeline' retrieved from /opt/airflow/dags/stock_pipeline_dag.py
[2026-03-27T22:52:12.263+0000] {logging_mixin.py:188} INFO - [2026-03-27T22:52:12.262+0000] {dag.py:3033} INFO - Sync 1 DAGs
[2026-03-27T22:52:12.321+0000] {logging_mixin.py:188} INFO - [2026-03-27T22:52:12.320+0000] {dag.py:3820} INFO - Setting next_dagrun for stock_data_pipeline to 2026-03-27T18:00:00+00:00, run_after=2026-03-30T18:00:00+00:00
[2026-03-27T22:52:12.371+0000] {processor.py:183} INFO - Processing /opt/airflow/dags/stock_pipeline_dag.py took 0.270 seconds
