[0m00:12:51.583177 [debug] [MainThread]: Sending event: {'category': 'dbt', 'action': 'invocation', 'label': 'start', 'context': [<snowplow_tracker.self_describing_json.SelfDescribingJson object at 0x000001F0D9483850>, <snowplow_tracker.self_describing_json.SelfDescribingJson object at 0x000001F0D9480150>, <snowplow_tracker.self_describing_json.SelfDescribingJson object at 0x000001F0DDD64B50>]}


============================== 00:12:51.592184 | feaf2210-bd74-4f6e-b269-9279e87f838f ==============================
[0m00:12:51.592184 [info ] [MainThread]: Running with dbt=1.11.7
[0m00:12:51.594174 [debug] [MainThread]: running dbt with arguments {'static_parser': 'True', 'no_print': 'None', 'version_check': 'True', 'warn_error_options': 'WarnErrorOptionsV2(error=[], warn=[], silence=[])', 'target_path': 'None', 'printer_width': '80', 'write_json': 'True', 'introspect': 'True', 'log_cache_events': 'False', 'empty': 'None', 'cache_selected_only': 'False', 'fail_fast': 'False', 'debug': 'False', 'log_format': 'default', 'profiles_dir': 'C:\\Users\\dines\\.dbt', 'send_anonymous_usage_stats': 'True', 'quiet': 'False', 'warn_error': 'None', 'partial_parse': 'True', 'indirect_selection': 'eager', 'invocation_command': 'dbt init stock_analytics', 'use_colors': 'True', 'use_experimental_parser': 'False', 'log_path': 'logs'}
[0m00:12:51.631076 [info ] [MainThread]: Creating dbt configuration folder at C:\Users\dines\.dbt
[0m00:12:51.636773 [debug] [MainThread]: Starter project path: C:\Users\dines\anaconda3\envs\dbt-env\Lib\site-packages\dbt\include\starter_project
[0m00:12:51.681611 [info ] [MainThread]: 
Your new dbt project "stock_analytics" was created!

For more information on how to configure the profiles.yml file,
please consult the dbt documentation here:

  https://docs.getdbt.com/docs/configure-your-profile

One more thing:

Need help? Don't hesitate to reach out to us via GitHub issues or on Slack:

  https://community.getdbt.com/

Happy modeling!

[0m00:12:51.683747 [info ] [MainThread]: Setting up your profile.
[0m00:12:51.687088 [error] [MainThread]: Encountered an error:

[0m00:12:51.692092 [error] [MainThread]: Traceback (most recent call last):
  File "C:\Users\dines\anaconda3\envs\dbt-env\Lib\site-packages\dbt\cli\requires.py", line 182, in wrapper
    result, success = func(*args, **kwargs)
                      ^^^^^^^^^^^^^^^^^^^^^
  File "C:\Users\dines\anaconda3\envs\dbt-env\Lib\site-packages\dbt\cli\requires.py", line 128, in wrapper
    return func(*args, **kwargs)
           ^^^^^^^^^^^^^^^^^^^^^
  File "C:\Users\dines\anaconda3\envs\dbt-env\Lib\site-packages\dbt\cli\main.py", line 483, in init
    results = task.run()
              ^^^^^^^^^^
  File "C:\Users\dines\anaconda3\envs\dbt-env\Lib\site-packages\dbt\task\init.py", line 346, in run
    self.setup_profile(profile_name)
  File "C:\Users\dines\anaconda3\envs\dbt-env\Lib\site-packages\dbt\task\init.py", line 261, in setup_profile
    adapter = self.ask_for_adapter_choice()
              ^^^^^^^^^^^^^^^^^^^^^^^^^^^^^
  File "C:\Users\dines\anaconda3\envs\dbt-env\Lib\site-packages\dbt\task\init.py", line 242, in ask_for_adapter_choice
    numeric_choice = click.prompt(prompt_msg, type=click.INT)
                     ^^^^^^^^^^^^^^^^^^^^^^^^^^^^^^^^^^^^^^^^
  File "C:\Users\dines\anaconda3\envs\dbt-env\Lib\site-packages\click\termui.py", line 171, in prompt
    value = prompt_func(prompt)
            ^^^^^^^^^^^^^^^^^^^
  File "C:\Users\dines\anaconda3\envs\dbt-env\Lib\site-packages\click\termui.py", line 154, in prompt_func
    raise Abort() from None
click.exceptions.Abort

[0m00:12:51.695091 [debug] [MainThread]: Command `dbt init` failed at 00:12:51.694091 after 0.29 seconds
[0m00:12:51.696104 [debug] [MainThread]: Sending event: {'category': 'dbt', 'action': 'invocation', 'label': 'end', 'context': [<snowplow_tracker.self_describing_json.SelfDescribingJson object at 0x000001F0DDD64890>, <snowplow_tracker.self_describing_json.SelfDescribingJson object at 0x000001F0D5F816D0>, <snowplow_tracker.self_describing_json.SelfDescribingJson object at 0x000001F0DCD30F90>]}
[0m00:12:51.697102 [debug] [MainThread]: Flushing usage events
[0m00:12:52.430100 [debug] [MainThread]: An error was encountered while trying to flush usage events
[0m00:15:07.021138 [debug] [MainThread]: Sending event: {'category': 'dbt', 'action': 'invocation', 'label': 'start', 'context': [<snowplow_tracker.self_describing_json.SelfDescribingJson object at 0x00000245C7D70210>, <snowplow_tracker.self_describing_json.SelfDescribingJson object at 0x00000245C7FC2CD0>, <snowplow_tracker.self_describing_json.SelfDescribingJson object at 0x00000245C7FC1550>]}


============================== 00:15:07.029169 | 949609b4-5ea9-4a0c-9ea7-fc9842c2fc67 ==============================
[0m00:15:07.029169 [info ] [MainThread]: Running with dbt=1.11.7
[0m00:15:07.031291 [debug] [MainThread]: running dbt with arguments {'version_check': 'True', 'no_print': 'None', 'static_parser': 'True', 'warn_error_options': 'WarnErrorOptionsV2(error=[], warn=[], silence=[])', 'target_path': 'None', 'printer_width': '80', 'write_json': 'True', 'introspect': 'True', 'log_cache_events': 'False', 'empty': 'None', 'cache_selected_only': 'False', 'log_format': 'default', 'debug': 'False', 'fail_fast': 'False', 'profiles_dir': 'C:\\Users\\dines\\.dbt', 'send_anonymous_usage_stats': 'True', 'quiet': 'False', 'warn_error': 'None', 'partial_parse': 'True', 'use_colors': 'True', 'indirect_selection': 'eager', 'invocation_command': 'dbt init stock_analytics --skip-profile-setup', 'use_experimental_parser': 'False', 'log_path': 'logs'}
[0m00:15:07.065416 [info ] [MainThread]: A project called stock_analytics already exists here.
[0m00:15:07.067415 [debug] [MainThread]: Command `dbt init` succeeded at 00:15:07.067415 after 0.23 seconds
[0m00:15:07.069417 [debug] [MainThread]: Sending event: {'category': 'dbt', 'action': 'invocation', 'label': 'end', 'context': [<snowplow_tracker.self_describing_json.SelfDescribingJson object at 0x00000245C11B1850>, <snowplow_tracker.self_describing_json.SelfDescribingJson object at 0x00000245C11B14D0>, <snowplow_tracker.self_describing_json.SelfDescribingJson object at 0x00000245C11B16D0>]}
[0m00:15:07.070416 [debug] [MainThread]: Flushing usage events
[0m00:15:07.827077 [debug] [MainThread]: An error was encountered while trying to flush usage events
[0m00:43:19.000444 [debug] [MainThread]: Sending event: {'category': 'dbt', 'action': 'invocation', 'label': 'start', 'context': [<snowplow_tracker.self_describing_json.SelfDescribingJson object at 0x0000025CB25C0210>, <snowplow_tracker.self_describing_json.SelfDescribingJson object at 0x0000025CB5E61C90>, <snowplow_tracker.self_describing_json.SelfDescribingJson object at 0x0000025CB6E959D0>]}


============================== 00:43:19.009668 | e889b187-4d0f-42c4-b1fd-efd4789170c7 ==============================
[0m00:43:19.009668 [info ] [MainThread]: Running with dbt=1.11.7
[0m00:43:19.012659 [debug] [MainThread]: running dbt with arguments {'static_parser': 'True', 'no_print': 'None', 'version_check': 'True', 'target_path': 'None', 'warn_error_options': 'WarnErrorOptionsV2(error=[], warn=[], silence=[])', 'printer_width': '80', 'write_json': 'True', 'introspect': 'True', 'log_cache_events': 'False', 'empty': 'None', 'cache_selected_only': 'False', 'log_format': 'default', 'debug': 'False', 'fail_fast': 'False', 'profiles_dir': 'C:\\Users\\dines\\.dbt', 'send_anonymous_usage_stats': 'True', 'quiet': 'False', 'warn_error': 'None', 'partial_parse': 'True', 'use_colors': 'True', 'invocation_command': 'dbt docs serve --project-dir . --port 8081', 'indirect_selection': 'eager', 'use_experimental_parser': 'False', 'log_path': 'logs'}
[0m00:43:19.014160 [error] [MainThread]: Encountered an error:
Runtime Error
  No dbt_project.yml found at expected path .\dbt_project.yml
  Verify that each entry within packages.yml (and their transitive dependencies) contains a file named dbt_project.yml
  
[0m00:43:19.018159 [debug] [MainThread]: Command `dbt docs serve` failed at 00:43:19.017159 after 0.21 seconds
[0m00:43:19.019157 [debug] [MainThread]: Sending event: {'category': 'dbt', 'action': 'invocation', 'label': 'end', 'context': [<snowplow_tracker.self_describing_json.SelfDescribingJson object at 0x0000025CB6E96D50>, <snowplow_tracker.self_describing_json.SelfDescribingJson object at 0x0000025CB5E680D0>, <snowplow_tracker.self_describing_json.SelfDescribingJson object at 0x0000025CB5E6BDD0>]}
[0m00:43:19.021159 [debug] [MainThread]: Flushing usage events
[0m00:43:19.720930 [debug] [MainThread]: An error was encountered while trying to flush usage events
