[2026-03-27T22:18:42.236+0000] {taskinstance.py:1957} INFO - Dependencies all met for dep_context=non-requeueable deps ti=<TaskInstance: stock_data_pipeline.transform_to_silver manual__2026-03-27T22:17:37.567639+00:00 [queued]>
[2026-03-27T22:18:42.257+0000] {taskinstance.py:1957} INFO - Dependencies all met for dep_context=requeueable deps ti=<TaskInstance: stock_data_pipeline.transform_to_silver manual__2026-03-27T22:17:37.567639+00:00 [queued]>
[2026-03-27T22:18:42.258+0000] {taskinstance.py:2171} INFO - Starting attempt 1 of 2
[2026-03-27T22:18:42.291+0000] {taskinstance.py:2192} INFO - Executing <Task(BashOperator): transform_to_silver> on 2026-03-27 22:17:37.567639+00:00
[2026-03-27T22:18:42.307+0000] {standard_task_runner.py:60} INFO - Started process 219 to run task
[2026-03-27T22:18:42.316+0000] {standard_task_runner.py:87} INFO - Running: ['***', 'tasks', 'run', 'stock_data_pipeline', 'transform_to_silver', 'manual__2026-03-27T22:17:37.567639+00:00', '--job-id', '7', '--raw', '--subdir', 'DAGS_FOLDER/stock_pipeline_dag.py', '--cfg-path', '/tmp/tmp28oaev45']
[2026-03-27T22:18:42.323+0000] {standard_task_runner.py:88} INFO - Job 7: Subtask transform_to_silver
[2026-03-27T22:18:42.438+0000] {task_command.py:423} INFO - Running <TaskInstance: stock_data_pipeline.transform_to_silver manual__2026-03-27T22:17:37.567639+00:00 [running]> on host 053940882dca
[2026-03-27T22:18:42.610+0000] {taskinstance.py:2481} INFO - Exporting env vars: AIRFLOW_CTX_DAG_OWNER='dinesh' AIRFLOW_CTX_DAG_ID='stock_data_pipeline' AIRFLOW_CTX_TASK_ID='transform_to_silver' AIRFLOW_CTX_EXECUTION_DATE='2026-03-27T22:17:37.567639+00:00' AIRFLOW_CTX_TRY_NUMBER='1' AIRFLOW_CTX_DAG_RUN_ID='manual__2026-03-27T22:17:37.567639+00:00'
[2026-03-27T22:18:42.613+0000] {subprocess.py:63} INFO - Tmp dir root location: /tmp
[2026-03-27T22:18:42.616+0000] {subprocess.py:75} INFO - Running command: ['/usr/bin/bash', '-c', 'python /opt/***/transformation/transform_stock_data.py']
[2026-03-27T22:18:42.647+0000] {subprocess.py:86} INFO - Output:
[2026-03-27T22:18:46.150+0000] {subprocess.py:93} INFO - Starting transformation...
[2026-03-27T22:18:46.151+0000] {subprocess.py:93} INFO - 
[2026-03-27T22:18:46.152+0000] {subprocess.py:93} INFO - Processing AAPL...
[2026-03-27T22:18:46.154+0000] {subprocess.py:93} INFO - Validation passed for AAPL
[2026-03-27T22:18:46.154+0000] {subprocess.py:93} INFO - Silver data for AAPL already exists today - skipping
[2026-03-27T22:18:46.156+0000] {subprocess.py:93} INFO - 
[2026-03-27T22:18:46.157+0000] {subprocess.py:93} INFO - Processing AMZN...
[2026-03-27T22:18:46.161+0000] {subprocess.py:93} INFO - Validation passed for AMZN
[2026-03-27T22:18:46.163+0000] {subprocess.py:93} INFO - Silver data for AMZN already exists today - skipping
[2026-03-27T22:18:46.163+0000] {subprocess.py:93} INFO - 
[2026-03-27T22:18:46.165+0000] {subprocess.py:93} INFO - Processing GOOGL...
[2026-03-27T22:18:46.166+0000] {subprocess.py:93} INFO - Validation passed for GOOGL
[2026-03-27T22:18:46.167+0000] {subprocess.py:93} INFO - Silver data for GOOGL already exists today - skipping
[2026-03-27T22:18:46.168+0000] {subprocess.py:93} INFO - 
[2026-03-27T22:18:46.178+0000] {subprocess.py:93} INFO - Processing META...
[2026-03-27T22:18:46.181+0000] {subprocess.py:93} INFO - Validation passed for META
[2026-03-27T22:18:46.183+0000] {subprocess.py:93} INFO - Silver data for META already exists today - skipping
[2026-03-27T22:18:46.184+0000] {subprocess.py:93} INFO - 
[2026-03-27T22:18:46.185+0000] {subprocess.py:93} INFO - Processing MSFT...
[2026-03-27T22:18:46.186+0000] {subprocess.py:93} INFO - Validation passed for MSFT
[2026-03-27T22:18:46.187+0000] {subprocess.py:93} INFO - Silver data for MSFT already exists today - skipping
[2026-03-27T22:18:46.189+0000] {subprocess.py:93} INFO - 
[2026-03-27T22:18:46.189+0000] {subprocess.py:93} INFO - Transformation complete!
[2026-03-27T22:18:46.398+0000] {subprocess.py:97} INFO - Command exited with return code 0
[2026-03-27T22:18:46.464+0000] {taskinstance.py:1138} INFO - Marking task as SUCCESS. dag_id=stock_data_pipeline, task_id=transform_to_silver, execution_date=20260327T221737, start_date=20260327T221842, end_date=20260327T221846
[2026-03-27T22:18:46.548+0000] {local_task_job_runner.py:234} INFO - Task exited with return code 0
[2026-03-27T22:18:46.601+0000] {taskinstance.py:3281} INFO - 1 downstream tasks scheduled from follow-on schedule check
