[2026-04-01T23:14:57.443+0000] {taskinstance.py:1957} INFO - Dependencies all met for dep_context=non-requeueable deps ti=<TaskInstance: stock_data_pipeline.transform_to_silver scheduled__2026-03-31T18:00:00+00:00 [queued]>
[2026-04-01T23:14:57.461+0000] {taskinstance.py:1957} INFO - Dependencies all met for dep_context=requeueable deps ti=<TaskInstance: stock_data_pipeline.transform_to_silver scheduled__2026-03-31T18:00:00+00:00 [queued]>
[2026-04-01T23:14:57.462+0000] {taskinstance.py:2171} INFO - Starting attempt 1 of 2
[2026-04-01T23:14:57.490+0000] {taskinstance.py:2192} INFO - Executing <Task(BashOperator): transform_to_silver> on 2026-03-31 18:00:00+00:00
[2026-04-01T23:14:57.510+0000] {standard_task_runner.py:60} INFO - Started process 9128 to run task
[2026-04-01T23:14:57.519+0000] {standard_task_runner.py:87} INFO - Running: ['***', 'tasks', 'run', 'stock_data_pipeline', 'transform_to_silver', 'scheduled__2026-03-31T18:00:00+00:00', '--job-id', '17', '--raw', '--subdir', 'DAGS_FOLDER/stock_pipeline_dag.py', '--cfg-path', '/tmp/tmp79_2fjou']
[2026-04-01T23:14:57.527+0000] {standard_task_runner.py:88} INFO - Job 17: Subtask transform_to_silver
[2026-04-01T23:14:57.644+0000] {task_command.py:423} INFO - Running <TaskInstance: stock_data_pipeline.transform_to_silver scheduled__2026-03-31T18:00:00+00:00 [running]> on host 053940882dca
[2026-04-01T23:14:57.826+0000] {taskinstance.py:2481} INFO - Exporting env vars: AIRFLOW_CTX_DAG_OWNER='dinesh' AIRFLOW_CTX_DAG_ID='stock_data_pipeline' AIRFLOW_CTX_TASK_ID='transform_to_silver' AIRFLOW_CTX_EXECUTION_DATE='2026-03-31T18:00:00+00:00' AIRFLOW_CTX_TRY_NUMBER='1' AIRFLOW_CTX_DAG_RUN_ID='scheduled__2026-03-31T18:00:00+00:00'
[2026-04-01T23:14:57.829+0000] {subprocess.py:63} INFO - Tmp dir root location: /tmp
[2026-04-01T23:14:57.833+0000] {subprocess.py:75} INFO - Running command: ['/usr/bin/bash', '-c', 'python /opt/***/transformation/transform_stock_data.py']
[2026-04-01T23:14:57.860+0000] {subprocess.py:86} INFO - Output:
[2026-04-01T23:15:00.794+0000] {subprocess.py:93} INFO - Starting transformation...
[2026-04-01T23:15:00.795+0000] {subprocess.py:93} INFO - 
[2026-04-01T23:15:00.796+0000] {subprocess.py:93} INFO - Processing AAPL...
[2026-04-01T23:15:00.797+0000] {subprocess.py:93} INFO - Validation passed for AAPL
[2026-04-01T23:15:00.798+0000] {subprocess.py:93} INFO - Saved silver data for AAPL to /opt/***/data/silver/AAPL_20260401.parquet
[2026-04-01T23:15:00.799+0000] {subprocess.py:93} INFO - 
[2026-04-01T23:15:00.800+0000] {subprocess.py:93} INFO - Processing AMZN...
[2026-04-01T23:15:00.801+0000] {subprocess.py:93} INFO - Validation passed for AMZN
[2026-04-01T23:15:00.802+0000] {subprocess.py:93} INFO - Saved silver data for AMZN to /opt/***/data/silver/AMZN_20260401.parquet
[2026-04-01T23:15:00.803+0000] {subprocess.py:93} INFO - 
[2026-04-01T23:15:00.804+0000] {subprocess.py:93} INFO - Processing GOOGL...
[2026-04-01T23:15:00.805+0000] {subprocess.py:93} INFO - Validation passed for GOOGL
[2026-04-01T23:15:00.806+0000] {subprocess.py:93} INFO - Saved silver data for GOOGL to /opt/***/data/silver/GOOGL_20260401.parquet
[2026-04-01T23:15:00.807+0000] {subprocess.py:93} INFO - 
[2026-04-01T23:15:00.808+0000] {subprocess.py:93} INFO - Processing META...
[2026-04-01T23:15:00.808+0000] {subprocess.py:93} INFO - Validation passed for META
[2026-04-01T23:15:00.809+0000] {subprocess.py:93} INFO - Saved silver data for META to /opt/***/data/silver/META_20260401.parquet
[2026-04-01T23:15:00.810+0000] {subprocess.py:93} INFO - 
[2026-04-01T23:15:00.811+0000] {subprocess.py:93} INFO - Processing MSFT...
[2026-04-01T23:15:00.812+0000] {subprocess.py:93} INFO - Validation passed for MSFT
[2026-04-01T23:15:00.813+0000] {subprocess.py:93} INFO - Saved silver data for MSFT to /opt/***/data/silver/MSFT_20260401.parquet
[2026-04-01T23:15:00.814+0000] {subprocess.py:93} INFO - 
[2026-04-01T23:15:00.815+0000] {subprocess.py:93} INFO - Transformation complete!
[2026-04-01T23:15:00.956+0000] {subprocess.py:97} INFO - Command exited with return code 0
[2026-04-01T23:15:01.012+0000] {taskinstance.py:1138} INFO - Marking task as SUCCESS. dag_id=stock_data_pipeline, task_id=transform_to_silver, execution_date=20260331T180000, start_date=20260401T231457, end_date=20260401T231501
[2026-04-01T23:15:01.076+0000] {local_task_job_runner.py:234} INFO - Task exited with return code 0
[2026-04-01T23:15:01.119+0000] {taskinstance.py:3281} INFO - 1 downstream tasks scheduled from follow-on schedule check
