[2026-03-27T22:17:38.843+0000] {taskinstance.py:1957} INFO - Dependencies all met for dep_context=non-requeueable deps ti=<TaskInstance: stock_data_pipeline.ingest_stock_data manual__2026-03-27T22:17:37.567639+00:00 [queued]>
[2026-03-27T22:17:38.863+0000] {taskinstance.py:1957} INFO - Dependencies all met for dep_context=requeueable deps ti=<TaskInstance: stock_data_pipeline.ingest_stock_data manual__2026-03-27T22:17:37.567639+00:00 [queued]>
[2026-03-27T22:17:38.864+0000] {taskinstance.py:2171} INFO - Starting attempt 1 of 2
[2026-03-27T22:17:38.893+0000] {taskinstance.py:2192} INFO - Executing <Task(BashOperator): ingest_stock_data> on 2026-03-27 22:17:37.567639+00:00
[2026-03-27T22:17:38.904+0000] {standard_task_runner.py:60} INFO - Started process 203 to run task
[2026-03-27T22:17:38.914+0000] {standard_task_runner.py:87} INFO - Running: ['***', 'tasks', 'run', 'stock_data_pipeline', 'ingest_stock_data', 'manual__2026-03-27T22:17:37.567639+00:00', '--job-id', '5', '--raw', '--subdir', 'DAGS_FOLDER/stock_pipeline_dag.py', '--cfg-path', '/tmp/tmp09_8myn0']
[2026-03-27T22:17:38.922+0000] {standard_task_runner.py:88} INFO - Job 5: Subtask ingest_stock_data
[2026-03-27T22:17:39.052+0000] {task_command.py:423} INFO - Running <TaskInstance: stock_data_pipeline.ingest_stock_data manual__2026-03-27T22:17:37.567639+00:00 [running]> on host 053940882dca
[2026-03-27T22:17:39.252+0000] {taskinstance.py:2481} INFO - Exporting env vars: AIRFLOW_CTX_DAG_OWNER='dinesh' AIRFLOW_CTX_DAG_ID='stock_data_pipeline' AIRFLOW_CTX_TASK_ID='ingest_stock_data' AIRFLOW_CTX_EXECUTION_DATE='2026-03-27T22:17:37.567639+00:00' AIRFLOW_CTX_TRY_NUMBER='1' AIRFLOW_CTX_DAG_RUN_ID='manual__2026-03-27T22:17:37.567639+00:00'
[2026-03-27T22:17:39.255+0000] {subprocess.py:63} INFO - Tmp dir root location: /tmp
[2026-03-27T22:17:39.258+0000] {subprocess.py:75} INFO - Running command: ['/usr/bin/bash', '-c', 'python /opt/***/ingestion/fetch_stock_data.py']
[2026-03-27T22:17:39.284+0000] {subprocess.py:86} INFO - Output:
[2026-03-27T22:18:41.476+0000] {subprocess.py:93} INFO - Starting stock data ingestion...
[2026-03-27T22:18:41.478+0000] {subprocess.py:93} INFO - Error fetching AAPL: {'Information': 'Thank you for using Alpha Vantage! Please consider spreading out your free API requests more sparingly (1 request per second). You may subscribe to any of the premium plans at https://www.alphavantage.co/premium/ to lift the free key rate limit (25 requests per day), raise the per-second burst limit, and instantly unlock all premium endpoints'}
[2026-03-27T22:18:41.479+0000] {subprocess.py:93} INFO - Error fetching MSFT: {'Information': 'Thank you for using Alpha Vantage! Please consider spreading out your free API requests more sparingly (1 request per second). You may subscribe to any of the premium plans at https://www.alphavantage.co/premium/ to lift the free key rate limit (25 requests per day), raise the per-second burst limit, and instantly unlock all premium endpoints'}
[2026-03-27T22:18:41.480+0000] {subprocess.py:93} INFO - Successfully fetched data for GOOGL
[2026-03-27T22:18:41.481+0000] {subprocess.py:93} INFO - Saved GOOGL data to data/bronze/GOOGL_20260327_221804.json
[2026-03-27T22:18:41.481+0000] {subprocess.py:93} INFO - Successfully fetched data for AMZN
[2026-03-27T22:18:41.484+0000] {subprocess.py:93} INFO - Saved AMZN data to data/bronze/AMZN_20260327_221817.json
[2026-03-27T22:18:41.484+0000] {subprocess.py:93} INFO - Successfully fetched data for META
[2026-03-27T22:18:41.485+0000] {subprocess.py:93} INFO - Saved META data to data/bronze/META_20260327_221829.json
[2026-03-27T22:18:41.486+0000] {subprocess.py:93} INFO - Ingestion complete!
[2026-03-27T22:18:41.522+0000] {subprocess.py:97} INFO - Command exited with return code 0
[2026-03-27T22:18:41.590+0000] {taskinstance.py:1138} INFO - Marking task as SUCCESS. dag_id=stock_data_pipeline, task_id=ingest_stock_data, execution_date=20260327T221737, start_date=20260327T221738, end_date=20260327T221841
[2026-03-27T22:18:41.688+0000] {local_task_job_runner.py:234} INFO - Task exited with return code 0
[2026-03-27T22:18:41.774+0000] {taskinstance.py:3281} INFO - 0 downstream tasks scheduled from follow-on schedule check
