[2026-03-31T19:13:57.803+0000] {taskinstance.py:1957} INFO - Dependencies all met for dep_context=non-requeueable deps ti=<TaskInstance: stock_data_pipeline.transform_to_silver scheduled__2026-03-30T18:00:00+00:00 [queued]>
[2026-03-31T19:13:57.820+0000] {taskinstance.py:1957} INFO - Dependencies all met for dep_context=requeueable deps ti=<TaskInstance: stock_data_pipeline.transform_to_silver scheduled__2026-03-30T18:00:00+00:00 [queued]>
[2026-03-31T19:13:57.821+0000] {taskinstance.py:2171} INFO - Starting attempt 1 of 2
[2026-03-31T19:13:57.851+0000] {taskinstance.py:2192} INFO - Executing <Task(BashOperator): transform_to_silver> on 2026-03-30 18:00:00+00:00
[2026-03-31T19:13:57.864+0000] {standard_task_runner.py:60} INFO - Started process 5140 to run task
[2026-03-31T19:13:57.872+0000] {standard_task_runner.py:87} INFO - Running: ['***', 'tasks', 'run', 'stock_data_pipeline', 'transform_to_silver', 'scheduled__2026-03-30T18:00:00+00:00', '--job-id', '14', '--raw', '--subdir', 'DAGS_FOLDER/stock_pipeline_dag.py', '--cfg-path', '/tmp/tmpdyzsln9d']
[2026-03-31T19:13:57.878+0000] {standard_task_runner.py:88} INFO - Job 14: Subtask transform_to_silver
[2026-03-31T19:13:58.004+0000] {task_command.py:423} INFO - Running <TaskInstance: stock_data_pipeline.transform_to_silver scheduled__2026-03-30T18:00:00+00:00 [running]> on host 053940882dca
[2026-03-31T19:13:58.190+0000] {taskinstance.py:2481} INFO - Exporting env vars: AIRFLOW_CTX_DAG_OWNER='dinesh' AIRFLOW_CTX_DAG_ID='stock_data_pipeline' AIRFLOW_CTX_TASK_ID='transform_to_silver' AIRFLOW_CTX_EXECUTION_DATE='2026-03-30T18:00:00+00:00' AIRFLOW_CTX_TRY_NUMBER='1' AIRFLOW_CTX_DAG_RUN_ID='scheduled__2026-03-30T18:00:00+00:00'
[2026-03-31T19:13:58.193+0000] {subprocess.py:63} INFO - Tmp dir root location: /tmp
[2026-03-31T19:13:58.197+0000] {subprocess.py:75} INFO - Running command: ['/usr/bin/bash', '-c', 'python /opt/***/transformation/transform_stock_data.py']
[2026-03-31T19:13:58.227+0000] {subprocess.py:86} INFO - Output:
[2026-03-31T19:14:00.986+0000] {subprocess.py:93} INFO - Starting transformation...
[2026-03-31T19:14:00.987+0000] {subprocess.py:93} INFO - 
[2026-03-31T19:14:00.988+0000] {subprocess.py:93} INFO - Processing AAPL...
[2026-03-31T19:14:00.989+0000] {subprocess.py:93} INFO - Validation passed for AAPL
[2026-03-31T19:14:00.990+0000] {subprocess.py:93} INFO - Saved silver data for AAPL to /opt/***/data/silver/AAPL_20260331.parquet
[2026-03-31T19:14:00.991+0000] {subprocess.py:93} INFO - 
[2026-03-31T19:14:00.992+0000] {subprocess.py:93} INFO - Processing AMZN...
[2026-03-31T19:14:00.993+0000] {subprocess.py:93} INFO - Validation passed for AMZN
[2026-03-31T19:14:00.993+0000] {subprocess.py:93} INFO - Saved silver data for AMZN to /opt/***/data/silver/AMZN_20260331.parquet
[2026-03-31T19:14:00.994+0000] {subprocess.py:93} INFO - 
[2026-03-31T19:14:00.995+0000] {subprocess.py:93} INFO - Processing GOOGL...
[2026-03-31T19:14:00.996+0000] {subprocess.py:93} INFO - Validation passed for GOOGL
[2026-03-31T19:14:00.997+0000] {subprocess.py:93} INFO - Saved silver data for GOOGL to /opt/***/data/silver/GOOGL_20260331.parquet
[2026-03-31T19:14:00.998+0000] {subprocess.py:93} INFO - 
[2026-03-31T19:14:00.999+0000] {subprocess.py:93} INFO - Processing META...
[2026-03-31T19:14:01.000+0000] {subprocess.py:93} INFO - Validation passed for META
[2026-03-31T19:14:01.001+0000] {subprocess.py:93} INFO - Saved silver data for META to /opt/***/data/silver/META_20260331.parquet
[2026-03-31T19:14:01.001+0000] {subprocess.py:93} INFO - 
[2026-03-31T19:14:01.002+0000] {subprocess.py:93} INFO - Processing MSFT...
[2026-03-31T19:14:01.003+0000] {subprocess.py:93} INFO - Validation passed for MSFT
[2026-03-31T19:14:01.004+0000] {subprocess.py:93} INFO - Saved silver data for MSFT to /opt/***/data/silver/MSFT_20260331.parquet
[2026-03-31T19:14:01.005+0000] {subprocess.py:93} INFO - 
[2026-03-31T19:14:01.006+0000] {subprocess.py:93} INFO - Transformation complete!
[2026-03-31T19:14:01.140+0000] {subprocess.py:97} INFO - Command exited with return code 0
[2026-03-31T19:14:01.193+0000] {taskinstance.py:1138} INFO - Marking task as SUCCESS. dag_id=stock_data_pipeline, task_id=transform_to_silver, execution_date=20260330T180000, start_date=20260331T191357, end_date=20260331T191401
[2026-03-31T19:14:01.272+0000] {local_task_job_runner.py:234} INFO - Task exited with return code 0
[2026-03-31T19:14:01.315+0000] {taskinstance.py:3281} INFO - 1 downstream tasks scheduled from follow-on schedule check
