[2026-04-01T23:13:51.482+0000] {taskinstance.py:1957} INFO - Dependencies all met for dep_context=non-requeueable deps ti=<TaskInstance: stock_data_pipeline.ingest_stock_data scheduled__2026-03-31T18:00:00+00:00 [queued]>
[2026-04-01T23:13:51.525+0000] {taskinstance.py:1957} INFO - Dependencies all met for dep_context=requeueable deps ti=<TaskInstance: stock_data_pipeline.ingest_stock_data scheduled__2026-03-31T18:00:00+00:00 [queued]>
[2026-04-01T23:13:51.526+0000] {taskinstance.py:2171} INFO - Starting attempt 1 of 2
[2026-04-01T23:13:51.573+0000] {taskinstance.py:2192} INFO - Executing <Task(BashOperator): ingest_stock_data> on 2026-03-31 18:00:00+00:00
[2026-04-01T23:13:51.595+0000] {standard_task_runner.py:60} INFO - Started process 9115 to run task
[2026-04-01T23:13:51.613+0000] {standard_task_runner.py:87} INFO - Running: ['***', 'tasks', 'run', 'stock_data_pipeline', 'ingest_stock_data', 'scheduled__2026-03-31T18:00:00+00:00', '--job-id', '16', '--raw', '--subdir', 'DAGS_FOLDER/stock_pipeline_dag.py', '--cfg-path', '/tmp/tmp13h45wkw']
[2026-04-01T23:13:51.624+0000] {standard_task_runner.py:88} INFO - Job 16: Subtask ingest_stock_data
[2026-04-01T23:13:51.808+0000] {task_command.py:423} INFO - Running <TaskInstance: stock_data_pipeline.ingest_stock_data scheduled__2026-03-31T18:00:00+00:00 [running]> on host 053940882dca
[2026-04-01T23:13:52.197+0000] {taskinstance.py:2481} INFO - Exporting env vars: AIRFLOW_CTX_DAG_OWNER='dinesh' AIRFLOW_CTX_DAG_ID='stock_data_pipeline' AIRFLOW_CTX_TASK_ID='ingest_stock_data' AIRFLOW_CTX_EXECUTION_DATE='2026-03-31T18:00:00+00:00' AIRFLOW_CTX_TRY_NUMBER='1' AIRFLOW_CTX_DAG_RUN_ID='scheduled__2026-03-31T18:00:00+00:00'
[2026-04-01T23:13:52.209+0000] {subprocess.py:63} INFO - Tmp dir root location: /tmp
[2026-04-01T23:13:52.217+0000] {subprocess.py:75} INFO - Running command: ['/usr/bin/bash', '-c', 'python /opt/***/ingestion/fetch_stock_data.py']
[2026-04-01T23:13:52.282+0000] {subprocess.py:86} INFO - Output:
[2026-04-01T23:14:55.422+0000] {subprocess.py:93} INFO - Starting stock data ingestion...
[2026-04-01T23:14:55.428+0000] {subprocess.py:93} INFO - Successfully fetched data for AAPL
[2026-04-01T23:14:55.429+0000] {subprocess.py:93} INFO - Saved AAPL data to data/bronze/AAPL_20260401_231354.json
[2026-04-01T23:14:55.430+0000] {subprocess.py:93} INFO - Successfully fetched data for MSFT
[2026-04-01T23:14:55.430+0000] {subprocess.py:93} INFO - Saved MSFT data to data/bronze/MSFT_20260401_231406.json
[2026-04-01T23:14:55.431+0000] {subprocess.py:93} INFO - Successfully fetched data for GOOGL
[2026-04-01T23:14:55.432+0000] {subprocess.py:93} INFO - Saved GOOGL data to data/bronze/GOOGL_20260401_231418.json
[2026-04-01T23:14:55.433+0000] {subprocess.py:93} INFO - Successfully fetched data for AMZN
[2026-04-01T23:14:55.435+0000] {subprocess.py:93} INFO - Saved AMZN data to data/bronze/AMZN_20260401_231431.json
[2026-04-01T23:14:55.436+0000] {subprocess.py:93} INFO - Successfully fetched data for META
[2026-04-01T23:14:55.436+0000] {subprocess.py:93} INFO - Saved META data to data/bronze/META_20260401_231443.json
[2026-04-01T23:14:55.437+0000] {subprocess.py:93} INFO - Ingestion complete!
[2026-04-01T23:14:55.480+0000] {subprocess.py:97} INFO - Command exited with return code 0
[2026-04-01T23:14:55.618+0000] {taskinstance.py:1138} INFO - Marking task as SUCCESS. dag_id=stock_data_pipeline, task_id=ingest_stock_data, execution_date=20260331T180000, start_date=20260401T231351, end_date=20260401T231455
[2026-04-01T23:14:55.736+0000] {local_task_job_runner.py:234} INFO - Task exited with return code 0
[2026-04-01T23:14:55.835+0000] {taskinstance.py:3281} INFO - 1 downstream tasks scheduled from follow-on schedule check
