[2026-03-30T22:58:50.085+0000] {taskinstance.py:1957} INFO - Dependencies all met for dep_context=non-requeueable deps ti=<TaskInstance: stock_data_pipeline.transform_to_silver scheduled__2026-03-27T18:00:00+00:00 [queued]>
[2026-03-30T22:58:50.093+0000] {taskinstance.py:1957} INFO - Dependencies all met for dep_context=requeueable deps ti=<TaskInstance: stock_data_pipeline.transform_to_silver scheduled__2026-03-27T18:00:00+00:00 [queued]>
[2026-03-30T22:58:50.094+0000] {taskinstance.py:2171} INFO - Starting attempt 1 of 2
[2026-03-30T22:58:50.106+0000] {taskinstance.py:2192} INFO - Executing <Task(BashOperator): transform_to_silver> on 2026-03-27 18:00:00+00:00
[2026-03-30T22:58:50.113+0000] {standard_task_runner.py:60} INFO - Started process 3043 to run task
[2026-03-30T22:58:50.117+0000] {standard_task_runner.py:87} INFO - Running: ['***', 'tasks', 'run', 'stock_data_pipeline', 'transform_to_silver', 'scheduled__2026-03-27T18:00:00+00:00', '--job-id', '11', '--raw', '--subdir', 'DAGS_FOLDER/stock_pipeline_dag.py', '--cfg-path', '/tmp/tmpscvd1elg']
[2026-03-30T22:58:50.120+0000] {standard_task_runner.py:88} INFO - Job 11: Subtask transform_to_silver
[2026-03-30T22:58:50.179+0000] {task_command.py:423} INFO - Running <TaskInstance: stock_data_pipeline.transform_to_silver scheduled__2026-03-27T18:00:00+00:00 [running]> on host 053940882dca
[2026-03-30T22:58:50.269+0000] {taskinstance.py:2481} INFO - Exporting env vars: AIRFLOW_CTX_DAG_OWNER='dinesh' AIRFLOW_CTX_DAG_ID='stock_data_pipeline' AIRFLOW_CTX_TASK_ID='transform_to_silver' AIRFLOW_CTX_EXECUTION_DATE='2026-03-27T18:00:00+00:00' AIRFLOW_CTX_TRY_NUMBER='1' AIRFLOW_CTX_DAG_RUN_ID='scheduled__2026-03-27T18:00:00+00:00'
[2026-03-30T22:58:50.273+0000] {subprocess.py:63} INFO - Tmp dir root location: /tmp
[2026-03-30T22:58:50.275+0000] {subprocess.py:75} INFO - Running command: ['/usr/bin/bash', '-c', 'python /opt/***/transformation/transform_stock_data.py']
[2026-03-30T22:58:50.290+0000] {subprocess.py:86} INFO - Output:
[2026-03-30T22:58:51.546+0000] {subprocess.py:93} INFO - Starting transformation...
[2026-03-30T22:58:51.547+0000] {subprocess.py:93} INFO - 
[2026-03-30T22:58:51.551+0000] {subprocess.py:93} INFO - Processing AAPL...
[2026-03-30T22:58:51.552+0000] {subprocess.py:93} INFO - Validation passed for AAPL
[2026-03-30T22:58:51.552+0000] {subprocess.py:93} INFO - Saved silver data for AAPL to /opt/***/data/silver/AAPL_20260330.parquet
[2026-03-30T22:58:51.552+0000] {subprocess.py:93} INFO - 
[2026-03-30T22:58:51.553+0000] {subprocess.py:93} INFO - Processing AMZN...
[2026-03-30T22:58:51.553+0000] {subprocess.py:93} INFO - Validation passed for AMZN
[2026-03-30T22:58:51.553+0000] {subprocess.py:93} INFO - Saved silver data for AMZN to /opt/***/data/silver/AMZN_20260330.parquet
[2026-03-30T22:58:51.554+0000] {subprocess.py:93} INFO - 
[2026-03-30T22:58:51.554+0000] {subprocess.py:93} INFO - Processing GOOGL...
[2026-03-30T22:58:51.554+0000] {subprocess.py:93} INFO - Validation passed for GOOGL
[2026-03-30T22:58:51.554+0000] {subprocess.py:93} INFO - Saved silver data for GOOGL to /opt/***/data/silver/GOOGL_20260330.parquet
[2026-03-30T22:58:51.555+0000] {subprocess.py:93} INFO - 
[2026-03-30T22:58:51.555+0000] {subprocess.py:93} INFO - Processing META...
[2026-03-30T22:58:51.555+0000] {subprocess.py:93} INFO - Validation passed for META
[2026-03-30T22:58:51.556+0000] {subprocess.py:93} INFO - Saved silver data for META to /opt/***/data/silver/META_20260330.parquet
[2026-03-30T22:58:51.556+0000] {subprocess.py:93} INFO - 
[2026-03-30T22:58:51.556+0000] {subprocess.py:93} INFO - Processing MSFT...
[2026-03-30T22:58:51.557+0000] {subprocess.py:93} INFO - Validation passed for MSFT
[2026-03-30T22:58:51.557+0000] {subprocess.py:93} INFO - Saved silver data for MSFT to /opt/***/data/silver/MSFT_20260330.parquet
[2026-03-30T22:58:51.557+0000] {subprocess.py:93} INFO - 
[2026-03-30T22:58:51.557+0000] {subprocess.py:93} INFO - Transformation complete!
[2026-03-30T22:58:51.622+0000] {subprocess.py:97} INFO - Command exited with return code 0
[2026-03-30T22:58:51.652+0000] {taskinstance.py:1138} INFO - Marking task as SUCCESS. dag_id=stock_data_pipeline, task_id=transform_to_silver, execution_date=20260327T180000, start_date=20260330T225850, end_date=20260330T225851
[2026-03-30T22:58:51.701+0000] {local_task_job_runner.py:234} INFO - Task exited with return code 0
[2026-03-30T22:58:51.722+0000] {taskinstance.py:3281} INFO - 1 downstream tasks scheduled from follow-on schedule check
