[2026-03-30T22:57:45.101+0000] {taskinstance.py:1957} INFO - Dependencies all met for dep_context=non-requeueable deps ti=<TaskInstance: stock_data_pipeline.ingest_stock_data scheduled__2026-03-27T18:00:00+00:00 [queued]>
[2026-03-30T22:57:45.146+0000] {taskinstance.py:1957} INFO - Dependencies all met for dep_context=requeueable deps ti=<TaskInstance: stock_data_pipeline.ingest_stock_data scheduled__2026-03-27T18:00:00+00:00 [queued]>
[2026-03-30T22:57:45.149+0000] {taskinstance.py:2171} INFO - Starting attempt 1 of 2
[2026-03-30T22:57:45.219+0000] {taskinstance.py:2192} INFO - Executing <Task(BashOperator): ingest_stock_data> on 2026-03-27 18:00:00+00:00
[2026-03-30T22:57:45.248+0000] {standard_task_runner.py:60} INFO - Started process 3030 to run task
[2026-03-30T22:57:45.260+0000] {standard_task_runner.py:87} INFO - Running: ['***', 'tasks', 'run', 'stock_data_pipeline', 'ingest_stock_data', 'scheduled__2026-03-27T18:00:00+00:00', '--job-id', '10', '--raw', '--subdir', 'DAGS_FOLDER/stock_pipeline_dag.py', '--cfg-path', '/tmp/tmpki1aay5y']
[2026-03-30T22:57:45.274+0000] {standard_task_runner.py:88} INFO - Job 10: Subtask ingest_stock_data
[2026-03-30T22:57:45.510+0000] {task_command.py:423} INFO - Running <TaskInstance: stock_data_pipeline.ingest_stock_data scheduled__2026-03-27T18:00:00+00:00 [running]> on host 053940882dca
[2026-03-30T22:57:45.952+0000] {taskinstance.py:2481} INFO - Exporting env vars: AIRFLOW_CTX_DAG_OWNER='dinesh' AIRFLOW_CTX_DAG_ID='stock_data_pipeline' AIRFLOW_CTX_TASK_ID='ingest_stock_data' AIRFLOW_CTX_EXECUTION_DATE='2026-03-27T18:00:00+00:00' AIRFLOW_CTX_TRY_NUMBER='1' AIRFLOW_CTX_DAG_RUN_ID='scheduled__2026-03-27T18:00:00+00:00'
[2026-03-30T22:57:45.958+0000] {subprocess.py:63} INFO - Tmp dir root location: /tmp
[2026-03-30T22:57:45.963+0000] {subprocess.py:75} INFO - Running command: ['/usr/bin/bash', '-c', 'python /opt/***/ingestion/fetch_stock_data.py']
[2026-03-30T22:57:46.009+0000] {subprocess.py:86} INFO - Output:
[2026-03-30T22:58:48.541+0000] {subprocess.py:93} INFO - Starting stock data ingestion...
[2026-03-30T22:58:48.545+0000] {subprocess.py:93} INFO - Successfully fetched data for AAPL
[2026-03-30T22:58:48.552+0000] {subprocess.py:93} INFO - Saved AAPL data to data/bronze/AAPL_20260330_225747.json
[2026-03-30T22:58:48.552+0000] {subprocess.py:93} INFO - Successfully fetched data for MSFT
[2026-03-30T22:58:48.553+0000] {subprocess.py:93} INFO - Saved MSFT data to data/bronze/MSFT_20260330_225759.json
[2026-03-30T22:58:48.553+0000] {subprocess.py:93} INFO - Successfully fetched data for GOOGL
[2026-03-30T22:58:48.554+0000] {subprocess.py:93} INFO - Saved GOOGL data to data/bronze/GOOGL_20260330_225811.json
[2026-03-30T22:58:48.554+0000] {subprocess.py:93} INFO - Successfully fetched data for AMZN
[2026-03-30T22:58:48.555+0000] {subprocess.py:93} INFO - Saved AMZN data to data/bronze/AMZN_20260330_225824.json
[2026-03-30T22:58:48.555+0000] {subprocess.py:93} INFO - Successfully fetched data for META
[2026-03-30T22:58:48.556+0000] {subprocess.py:93} INFO - Saved META data to data/bronze/META_20260330_225836.json
[2026-03-30T22:58:48.556+0000] {subprocess.py:93} INFO - Ingestion complete!
[2026-03-30T22:58:48.580+0000] {subprocess.py:97} INFO - Command exited with return code 0
[2026-03-30T22:58:48.642+0000] {taskinstance.py:1138} INFO - Marking task as SUCCESS. dag_id=stock_data_pipeline, task_id=ingest_stock_data, execution_date=20260327T180000, start_date=20260330T225745, end_date=20260330T225848
[2026-03-30T22:58:48.735+0000] {local_task_job_runner.py:234} INFO - Task exited with return code 0
[2026-03-30T22:58:48.784+0000] {taskinstance.py:3281} INFO - 1 downstream tasks scheduled from follow-on schedule check
